[ 2021-01-09T22:52:05+08:00 ] 112.65.12.254 /index.php
INFO: [ app_init ] --START--
INFO: Run Behavior\BuildLiteBehavior [ RunTime:0.000016s ]
SQL: SHOW COLUMNS FROM `lovevi_hooks` [ RunTime:0.0022s ]
SQL: SELECT `name`,`addons` FROM `lovevi_hooks`  [ RunTime:0.0017s ]
SQL: SHOW COLUMNS FROM `lovevi_addons` [ RunTime:0.0020s ]
SQL: SELECT `id`,`name` FROM `lovevi_addons` WHERE `status` = 1 AND `name` IN ('ReturnTop')  [ RunTime:0.0017s ]
SQL: SELECT `id`,`name` FROM `lovevi_addons` WHERE `status` = 1 AND `name` IN ('Attachment')  [ RunTime:0.0017s ]
SQL: SELECT `id`,`name` FROM `lovevi_addons` WHERE `status` = 1 AND `name` IN ('Attachment','SocialComment')  [ RunTime:0.0017s ]
SQL: SELECT `id`,`name` FROM `lovevi_addons` WHERE `status` = 1 AND `name` IN ('Attachment')  [ RunTime:0.0016s ]
SQL: SELECT `id`,`name` FROM `lovevi_addons` WHERE `status` = 1 AND `name` IN ('Editor')  [ RunTime:0.0017s ]
SQL: SELECT `id`,`name` FROM `lovevi_addons` WHERE `status` = 1 AND `name` IN ('EditorForAdmin')  [ RunTime:0.0017s ]
SQL: SELECT `id`,`name` FROM `lovevi_addons` WHERE `status` = 1 AND `name` IN ('SiteStat','SystemInfo','DevTeam')  [ RunTime:0.0017s ]
SQL: SELECT `id`,`name` FROM `lovevi_addons` WHERE `status` = 1 AND `name` IN ('Editor')  [ RunTime:0.0016s ]
INFO: Run Common\Behavior\InitHookBehavior [ RunTime:0.040116s ]
INFO: [ app_init ] --END-- [ RunTime:0.040234s ]
INFO: [ app_begin ] --START--
INFO: Run Behavior\ReadHtmlCacheBehavior [ RunTime:0.000710s ]
INFO: [ app_begin ] --END-- [ RunTime:0.000748s ]
SQL: SHOW COLUMNS FROM `lovevi_tconfig` [ RunTime:0.0021s ]
SQL: SELECT * FROM `lovevi_tconfig` WHERE `id` = 1 LIMIT 1   [ RunTime:0.0016s ]
SQL: SHOW COLUMNS FROM `lovevi_config` [ RunTime:0.0019s ]
SQL: SELECT `type`,`name`,`value` FROM `lovevi_config` WHERE `status` = 1  [ RunTime:0.0016s ]
SQL: SHOW COLUMNS FROM `lovevi_tongji` [ RunTime:0.0019s ]
SQL: SELECT * FROM `lovevi_tongji` WHERE ( state=1 and ip='112.65.12.254' and day='2021-01-09' ) LIMIT 1   [ RunTime:0.0017s ]
SQL: SELECT * FROM `lovevi_tconfig` WHERE `id` = 1 LIMIT 1   [ RunTime:0.0016s ]
INFO: [ view_parse ] --START--
NOTIC: [2] file_get_contents(./Application/Home/View/default/public/nav.html): failed to open stream: No such file or directory /data/home/byu7397920001/htdocs/ThinkPHP/Library/Think/Template.class.php 第 700 行.
NOTIC: [2] file_get_contents(./Application/Home/View/default/public/footer.html): failed to open stream: No such file or directory /data/home/byu7397920001/htdocs/ThinkPHP/Library/Think/Template.class.php 第 700 行.
INFO: [ template_filter ] --START--
INFO: Run Behavior\ContentReplaceBehavior [ RunTime:0.000041s ]
INFO: [ template_filter ] --END-- [ RunTime:0.000082s ]
INFO: Run Behavior\ParseTemplateBehavior [ RunTime:0.009814s ]
INFO: [ view_parse ] --END-- [ RunTime:0.009846s ]
INFO: [ view_filter ] --START--
INFO: Run Behavior\WriteHtmlCacheBehavior [ RunTime:0.000193s ]
INFO: [ view_filter ] --END-- [ RunTime:0.000215s ]
INFO: [ app_end ] --START--
INFO: Run Behavior\ShowPageTraceBehavior [ RunTime:0.000745s ]
INFO: [ app_end ] --END-- [ RunTime:0.000773s ]

[ 2021-01-09T22:52:11+08:00 ] 112.65.12.254 /index.php
INFO: [ app_init ] --START--
INFO: Run Behavior\BuildLiteBehavior [ RunTime:0.000016s ]
INFO: Run Common\Behavior\InitHookBehavior [ RunTime:0.001751s ]
INFO: [ app_init ] --END-- [ RunTime:0.001891s ]
INFO: [ app_begin ] --START--
INFO: Run Behavior\ReadHtmlCacheBehavior [ RunTime:0.000588s ]
INFO: [ app_begin ] --END-- [ RunTime:0.000622s ]
SQL: SHOW COLUMNS FROM `lovevi_tconfig` [ RunTime:0.0037s ]
SQL: SELECT * FROM `lovevi_tconfig` WHERE `id` = 1 LIMIT 1   [ RunTime:0.0031s ]
SQL: SHOW COLUMNS FROM `lovevi_config` [ RunTime:0.0034s ]
SQL: SELECT `type`,`name`,`value` FROM `lovevi_config` WHERE `status` = 1  [ RunTime:0.0031s ]
SQL: SHOW COLUMNS FROM `lovevi_tongji` [ RunTime:0.0035s ]
SQL: SELECT * FROM `lovevi_tongji` WHERE ( state=1 and ip='112.65.12.254' and day='2021-01-09' ) LIMIT 1   [ RunTime:0.0031s ]
SQL: SELECT * FROM `lovevi_tconfig` WHERE `id` = 1 LIMIT 1   [ RunTime:0.0032s ]
INFO: [ view_parse ] --START--
NOTIC: [2] file_get_contents(./Application/Home/View/default/public/nav.html): failed to open stream: No such file or directory /data/home/byu7397920001/htdocs/ThinkPHP/Library/Think/Template.class.php 第 700 行.
NOTIC: [2] file_get_contents(./Application/Home/View/default/public/footer.html): failed to open stream: No such file or directory /data/home/byu7397920001/htdocs/ThinkPHP/Library/Think/Template.class.php 第 700 行.
INFO: [ template_filter ] --START--
INFO: Run Behavior\ContentReplaceBehavior [ RunTime:0.000041s ]
INFO: [ template_filter ] --END-- [ RunTime:0.000087s ]
INFO: Run Behavior\ParseTemplateBehavior [ RunTime:0.009804s ]
INFO: [ view_parse ] --END-- [ RunTime:0.009853s ]
INFO: [ view_filter ] --START--
INFO: Run Behavior\WriteHtmlCacheBehavior [ RunTime:0.000224s ]
INFO: [ view_filter ] --END-- [ RunTime:0.000248s ]
INFO: [ app_end ] --START--
INFO: Run Behavior\ShowPageTraceBehavior [ RunTime:0.000684s ]
INFO: [ app_end ] --END-- [ RunTime:0.000711s ]

[ 2021-01-09T22:52:31+08:00 ] 112.65.12.254 /
INFO: [ app_init ] --START--
INFO: Run Behavior\BuildLiteBehavior [ RunTime:0.000020s ]
INFO: Run Common\Behavior\InitHookBehavior [ RunTime:0.002393s ]
INFO: [ app_init ] --END-- [ RunTime:0.002559s ]
INFO: [ app_begin ] --START--
INFO: Run Behavior\ReadHtmlCacheBehavior [ RunTime:0.000715s ]
INFO: [ app_begin ] --END-- [ RunTime:0.000759s ]
SQL: SHOW COLUMNS FROM `lovevi_tconfig` [ RunTime:0.0033s ]
SQL: SELECT * FROM `lovevi_tconfig` WHERE `id` = 1 LIMIT 1   [ RunTime:0.0030s ]
SQL: SHOW COLUMNS FROM `lovevi_config` [ RunTime:0.0032s ]
SQL: SELECT `type`,`name`,`value` FROM `lovevi_config` WHERE `status` = 1  [ RunTime:0.0029s ]
SQL: SHOW COLUMNS FROM `lovevi_tongji` [ RunTime:0.0033s ]
SQL: SELECT * FROM `lovevi_tongji` WHERE ( state=1 and ip='112.65.12.254' and day='2021-01-09' ) LIMIT 1   [ RunTime:0.0030s ]
SQL: SELECT * FROM `lovevi_tconfig` WHERE `id` = 1 LIMIT 1   [ RunTime:0.0030s ]
INFO: [ view_parse ] --START--
NOTIC: [2] file_get_contents(./Application/Home/View/default/public/nav.html): failed to open stream: No such file or directory /data/home/byu7397920001/htdocs/ThinkPHP/Library/Think/Template.class.php 第 700 行.
NOTIC: [2] file_get_contents(./Application/Home/View/default/public/footer.html): failed to open stream: No such file or directory /data/home/byu7397920001/htdocs/ThinkPHP/Library/Think/Template.class.php 第 700 行.
INFO: [ template_filter ] --START--
INFO: Run Behavior\ContentReplaceBehavior [ RunTime:0.000048s ]
INFO: [ template_filter ] --END-- [ RunTime:0.000105s ]
INFO: Run Behavior\ParseTemplateBehavior [ RunTime:0.013399s ]
INFO: [ view_parse ] --END-- [ RunTime:0.013476s ]
INFO: [ view_filter ] --START--
INFO: Run Behavior\WriteHtmlCacheBehavior [ RunTime:0.000288s ]
INFO: [ view_filter ] --END-- [ RunTime:0.000325s ]
INFO: [ app_end ] --START--
INFO: Run Behavior\ShowPageTraceBehavior [ RunTime:0.000961s ]
INFO: [ app_end ] --END-- [ RunTime:0.000999s ]

[ 2021-01-09T22:57:40+08:00 ] 112.65.12.254 /
INFO: [ app_init ] --START--
INFO: Run Behavior\BuildLiteBehavior [ RunTime:0.000014s ]
INFO: Run Common\Behavior\InitHookBehavior [ RunTime:0.001726s ]
INFO: [ app_init ] --END-- [ RunTime:0.001829s ]
INFO: [ app_begin ] --START--
INFO: Run Behavior\ReadHtmlCacheBehavior [ RunTime:0.000614s ]
INFO: [ app_begin ] --END-- [ RunTime:0.000663s ]
SQL: SHOW COLUMNS FROM `lovevi_tconfig` [ RunTime:0.0036s ]
SQL: SELECT * FROM `lovevi_tconfig` WHERE `id` = 1 LIMIT 1   [ RunTime:0.0030s ]
SQL: SHOW COLUMNS FROM `lovevi_config` [ RunTime:0.0033s ]
SQL: SELECT `type`,`name`,`value` FROM `lovevi_config` WHERE `status` = 1  [ RunTime:0.0030s ]
SQL: SHOW COLUMNS FROM `lovevi_tongji` [ RunTime:0.0032s ]
SQL: SELECT * FROM `lovevi_tongji` WHERE ( state=1 and ip='112.65.12.254' and day='2021-01-09' ) LIMIT 1   [ RunTime:0.0034s ]
SQL: SELECT * FROM `lovevi_tconfig` WHERE `id` = 1 LIMIT 1   [ RunTime:0.0029s ]
INFO: [ view_parse ] --START--
NOTIC: [2] file_get_contents(./Application/Home/View/default/public/nav.html): failed to open stream: No such file or directory /data/home/byu7397920001/htdocs/ThinkPHP/Library/Think/Template.class.php 第 700 行.
NOTIC: [2] file_get_contents(./Application/Home/View/default/public/footer.html): failed to open stream: No such file or directory /data/home/byu7397920001/htdocs/ThinkPHP/Library/Think/Template.class.php 第 700 行.
INFO: [ template_filter ] --START--
INFO: Run Behavior\ContentReplaceBehavior [ RunTime:0.000033s ]
INFO: [ template_filter ] --END-- [ RunTime:0.000067s ]
INFO: Run Behavior\ParseTemplateBehavior [ RunTime:0.009258s ]
INFO: [ view_parse ] --END-- [ RunTime:0.009288s ]
INFO: [ view_filter ] --START--
INFO: Run Behavior\WriteHtmlCacheBehavior [ RunTime:0.000193s ]
INFO: [ view_filter ] --END-- [ RunTime:0.000218s ]
INFO: [ app_end ] --START--
INFO: Run Behavior\ShowPageTraceBehavior [ RunTime:0.000704s ]
INFO: [ app_end ] --END-- [ RunTime:0.000742s ]

