[ 2021-01-09T20:57:36+08:00 ] 112.65.12.254 /public/home/twentynineteen/css/airtracking.css
INFO: [ app_init ] --START--
INFO: Run Behavior\BuildLiteBehavior [ RunTime:0.000015s ]
INFO: Run Common\Behavior\InitHookBehavior [ RunTime:0.010269s ]
INFO: [ app_init ] --END-- [ RunTime:0.010390s ]
ERR: 无法加载模块:Public

[ 2021-01-09T20:57:36+08:00 ] 112.65.12.254 /public/home/twentynineteen/js/jquery-2.0.3.min.js
INFO: [ app_init ] --START--
INFO: Run Behavior\BuildLiteBehavior [ RunTime:0.000014s ]
INFO: Run Common\Behavior\InitHookBehavior [ RunTime:0.004988s ]
INFO: [ app_init ] --END-- [ RunTime:0.005093s ]
ERR: 无法加载模块:Public

[ 2021-01-09T20:57:36+08:00 ] 112.65.12.254 /public/home/twentynineteen/js/airtracking.js
INFO: [ app_init ] --START--
INFO: Run Behavior\BuildLiteBehavior [ RunTime:0.000015s ]
INFO: Run Common\Behavior\InitHookBehavior [ RunTime:0.001904s ]
INFO: [ app_init ] --END-- [ RunTime:0.002008s ]
ERR: 无法加载模块:Public

[ 2021-01-09T20:57:36+08:00 ] 112.65.12.254 /public/home/twentynineteen/img/loading.gif
INFO: [ app_init ] --START--
INFO: Run Behavior\BuildLiteBehavior [ RunTime:0.000014s ]
INFO: Run Common\Behavior\InitHookBehavior [ RunTime:0.001621s ]
INFO: [ app_init ] --END-- [ RunTime:0.001717s ]
ERR: 无法加载模块:Public

[ 2021-01-09T20:57:45+08:00 ] 112.65.12.254 /public/home/twentynineteen/js/jquery-2.0.3.min.js
INFO: [ app_init ] --START--
INFO: Run Behavior\BuildLiteBehavior [ RunTime:0.000014s ]
INFO: Run Common\Behavior\InitHookBehavior [ RunTime:0.006732s ]
INFO: [ app_init ] --END-- [ RunTime:0.006838s ]
ERR: 无法加载模块:Public

[ 2021-01-09T20:57:45+08:00 ] 112.65.12.254 /public/home/twentynineteen/js/airtracking.js
INFO: [ app_init ] --START--
INFO: Run Behavior\BuildLiteBehavior [ RunTime:0.000015s ]
INFO: Run Common\Behavior\InitHookBehavior [ RunTime:0.005856s ]
INFO: [ app_init ] --END-- [ RunTime:0.005967s ]
ERR: 无法加载模块:Public

[ 2021-01-09T20:57:45+08:00 ] 112.65.12.254 /public/home/twentynineteen/css/airtracking.css
INFO: [ app_init ] --START--
INFO: Run Behavior\BuildLiteBehavior [ RunTime:0.000014s ]
INFO: Run Common\Behavior\InitHookBehavior [ RunTime:0.001697s ]
INFO: [ app_init ] --END-- [ RunTime:0.001795s ]
ERR: 无法加载模块:Public

[ 2021-01-09T20:57:45+08:00 ] 112.65.12.254 /public/home/twentynineteen/img/loading.gif
INFO: [ app_init ] --START--
INFO: Run Behavior\BuildLiteBehavior [ RunTime:0.000015s ]
INFO: Run Common\Behavior\InitHookBehavior [ RunTime:0.002975s ]
INFO: [ app_init ] --END-- [ RunTime:0.003196s ]
ERR: 无法加载模块:Public

[ 2021-01-09T20:57:55+08:00 ] 112.65.12.254 /public/home/twentynineteen/js/airtracking.js
INFO: [ app_init ] --START--
INFO: Run Behavior\BuildLiteBehavior [ RunTime:0.000015s ]
INFO: Run Common\Behavior\InitHookBehavior [ RunTime:0.008916s ]
INFO: [ app_init ] --END-- [ RunTime:0.009027s ]
ERR: 无法加载模块:Public

[ 2021-01-09T20:57:55+08:00 ] 112.65.12.254 /public/home/twentynineteen/js/jquery-2.0.3.min.js
INFO: [ app_init ] --START--
INFO: Run Behavior\BuildLiteBehavior [ RunTime:0.000014s ]
INFO: Run Common\Behavior\InitHookBehavior [ RunTime:0.006020s ]
INFO: [ app_init ] --END-- [ RunTime:0.006120s ]
ERR: 无法加载模块:Public

[ 2021-01-09T20:57:55+08:00 ] 112.65.12.254 /public/home/twentynineteen/css/airtracking.css
INFO: [ app_init ] --START--
INFO: Run Behavior\BuildLiteBehavior [ RunTime:0.000014s ]
INFO: Run Common\Behavior\InitHookBehavior [ RunTime:0.004804s ]
INFO: [ app_init ] --END-- [ RunTime:0.004907s ]
ERR: 无法加载模块:Public

[ 2021-01-09T20:57:55+08:00 ] 112.65.12.254 /public/home/twentynineteen/js/airtracking.js
INFO: [ app_init ] --START--
INFO: Run Behavior\BuildLiteBehavior [ RunTime:0.000015s ]
INFO: Run Common\Behavior\InitHookBehavior [ RunTime:0.004675s ]
INFO: [ app_init ] --END-- [ RunTime:0.004774s ]
ERR: 无法加载模块:Public

[ 2021-01-09T20:57:55+08:00 ] 112.65.12.254 /public/home/twentynineteen/img/loading.gif
INFO: [ app_init ] --START--
INFO: Run Behavior\BuildLiteBehavior [ RunTime:0.000012s ]
INFO: Run Common\Behavior\InitHookBehavior [ RunTime:0.006743s ]
INFO: [ app_init ] --END-- [ RunTime:0.006830s ]
ERR: 无法加载模块:Public

[ 2021-01-09T20:58:14+08:00 ] 112.65.12.254 /public/home/twentynineteen/js/jquery-2.0.3.min.js
INFO: [ app_init ] --START--
INFO: Run Behavior\BuildLiteBehavior [ RunTime:0.000016s ]
INFO: Run Common\Behavior\InitHookBehavior [ RunTime:0.007152s ]
INFO: [ app_init ] --END-- [ RunTime:0.007271s ]
ERR: 无法加载模块:Public

[ 2021-01-09T20:58:14+08:00 ] 112.65.12.254 /public/home/twentynineteen/css/airtracking.css
INFO: [ app_init ] --START--
INFO: Run Behavior\BuildLiteBehavior [ RunTime:0.000014s ]
INFO: Run Common\Behavior\InitHookBehavior [ RunTime:0.005897s ]
INFO: [ app_init ] --END-- [ RunTime:0.005995s ]
ERR: 无法加载模块:Public

[ 2021-01-09T20:58:14+08:00 ] 112.65.12.254 /public/home/twentynineteen/js/airtracking.js
INFO: [ app_init ] --START--
INFO: Run Behavior\BuildLiteBehavior [ RunTime:0.000018s ]
INFO: Run Common\Behavior\InitHookBehavior [ RunTime:0.001727s ]
INFO: [ app_init ] --END-- [ RunTime:0.001845s ]
ERR: 无法加载模块:Public

[ 2021-01-09T20:58:15+08:00 ] 112.65.12.254 /public/home/twentynineteen/img/loading.gif
INFO: [ app_init ] --START--
INFO: Run Behavior\BuildLiteBehavior [ RunTime:0.000015s ]
INFO: Run Common\Behavior\InitHookBehavior [ RunTime:0.001682s ]
INFO: [ app_init ] --END-- [ RunTime:0.001788s ]
ERR: 无法加载模块:Public

[ 2021-01-09T20:58:25+08:00 ] 112.65.12.254 /index/index/y/line
INFO: [ app_init ] --START--
INFO: Run Behavior\BuildLiteBehavior [ RunTime:0.000014s ]
INFO: Run Common\Behavior\InitHookBehavior [ RunTime:0.001682s ]
INFO: [ app_init ] --END-- [ RunTime:0.001788s ]
ERR: 无法加载模块:Index

[ 2021-01-09T20:58:32+08:00 ] 112.65.12.254 /index/y/line
INFO: [ app_init ] --START--
INFO: Run Behavior\BuildLiteBehavior [ RunTime:0.000014s ]
INFO: Run Common\Behavior\InitHookBehavior [ RunTime:0.001643s ]
INFO: [ app_init ] --END-- [ RunTime:0.001754s ]
ERR: 无法加载模块:Index

[ 2021-01-09T21:01:28+08:00 ] 112.65.12.254 /public/home/twentynineteen/js/jquery-2.0.3.min.js
INFO: [ app_init ] --START--
INFO: Run Behavior\BuildLiteBehavior [ RunTime:0.000016s ]
INFO: Run Common\Behavior\InitHookBehavior [ RunTime:0.007010s ]
INFO: [ app_init ] --END-- [ RunTime:0.007127s ]
ERR: 无法加载模块:Public

[ 2021-01-09T21:01:28+08:00 ] 112.65.12.254 /public/home/twentynineteen/css/airtracking.css
INFO: [ app_init ] --START--
INFO: Run Behavior\BuildLiteBehavior [ RunTime:0.000022s ]
INFO: Run Common\Behavior\InitHookBehavior [ RunTime:0.004776s ]
INFO: [ app_init ] --END-- [ RunTime:0.004883s ]
ERR: 无法加载模块:Public

[ 2021-01-09T21:01:28+08:00 ] 112.65.12.254 /public/home/twentynineteen/js/airtracking.js
INFO: [ app_init ] --START--
INFO: Run Behavior\BuildLiteBehavior [ RunTime:0.000014s ]
INFO: Run Common\Behavior\InitHookBehavior [ RunTime:0.001693s ]
INFO: [ app_init ] --END-- [ RunTime:0.001809s ]
ERR: 无法加载模块:Public

[ 2021-01-09T21:01:28+08:00 ] 112.65.12.254 /public/home/twentynineteen/img/loading.gif
INFO: [ app_init ] --START--
INFO: Run Behavior\BuildLiteBehavior [ RunTime:0.000014s ]
INFO: Run Common\Behavior\InitHookBehavior [ RunTime:0.002115s ]
INFO: [ app_init ] --END-- [ RunTime:0.002215s ]
ERR: 无法加载模块:Public

[ 2021-01-09T21:02:38+08:00 ] 112.65.12.254 /public/home/twentynineteen/js/jquery-2.0.3.min.js
INFO: [ app_init ] --START--
INFO: Run Behavior\BuildLiteBehavior [ RunTime:0.000015s ]
INFO: Run Common\Behavior\InitHookBehavior [ RunTime:0.010219s ]
INFO: [ app_init ] --END-- [ RunTime:0.010337s ]
ERR: 无法加载模块:Public

[ 2021-01-09T21:02:38+08:00 ] 112.65.12.254 /public/home/twentynineteen/css/airtracking.css
INFO: [ app_init ] --START--
INFO: Run Behavior\BuildLiteBehavior [ RunTime:0.000014s ]
INFO: Run Common\Behavior\InitHookBehavior [ RunTime:0.003673s ]
INFO: [ app_init ] --END-- [ RunTime:0.003776s ]
ERR: 无法加载模块:Public

[ 2021-01-09T21:02:38+08:00 ] 112.65.12.254 /public/home/twentynineteen/js/airtracking.js
INFO: [ app_init ] --START--
INFO: Run Behavior\BuildLiteBehavior [ RunTime:0.000013s ]
INFO: Run Common\Behavior\InitHookBehavior [ RunTime:0.001744s ]
INFO: [ app_init ] --END-- [ RunTime:0.001843s ]
ERR: 无法加载模块:Public

[ 2021-01-09T21:02:38+08:00 ] 112.65.12.254 /public/home/twentynineteen/img/loading.gif
INFO: [ app_init ] --START--
INFO: Run Behavior\BuildLiteBehavior [ RunTime:0.000014s ]
INFO: Run Common\Behavior\InitHookBehavior [ RunTime:0.001696s ]
INFO: [ app_init ] --END-- [ RunTime:0.001802s ]
ERR: 无法加载模块:Public

[ 2021-01-09T21:02:41+08:00 ] 112.65.12.254 /public/home/twentynineteen/js/airtracking.js
INFO: [ app_init ] --START--
INFO: Run Behavior\BuildLiteBehavior [ RunTime:0.000011s ]
INFO: Run Common\Behavior\InitHookBehavior [ RunTime:0.007311s ]
INFO: [ app_init ] --END-- [ RunTime:0.007408s ]
ERR: 无法加载模块:Public

[ 2021-01-09T21:02:41+08:00 ] 112.65.12.254 /public/home/twentynineteen/css/airtracking.css
INFO: [ app_init ] --START--
INFO: Run Behavior\BuildLiteBehavior [ RunTime:0.000014s ]
INFO: Run Common\Behavior\InitHookBehavior [ RunTime:0.003988s ]
INFO: [ app_init ] --END-- [ RunTime:0.004089s ]
ERR: 无法加载模块:Public

[ 2021-01-09T21:02:41+08:00 ] 112.65.12.254 /public/home/twentynineteen/js/jquery-2.0.3.min.js
INFO: [ app_init ] --START--
INFO: Run Behavior\BuildLiteBehavior [ RunTime:0.000015s ]
INFO: Run Common\Behavior\InitHookBehavior [ RunTime:0.004872s ]
INFO: [ app_init ] --END-- [ RunTime:0.004991s ]
ERR: 无法加载模块:Public

[ 2021-01-09T21:02:41+08:00 ] 112.65.12.254 /public/home/twentynineteen/js/airtracking.js
INFO: [ app_init ] --START--
INFO: Run Behavior\BuildLiteBehavior [ RunTime:0.000011s ]
INFO: Run Common\Behavior\InitHookBehavior [ RunTime:0.001686s ]
INFO: [ app_init ] --END-- [ RunTime:0.001786s ]
ERR: 无法加载模块:Public

[ 2021-01-09T21:02:41+08:00 ] 112.65.12.254 /public/home/twentynineteen/img/loading.gif
INFO: [ app_init ] --START--
INFO: Run Behavior\BuildLiteBehavior [ RunTime:0.000016s ]
INFO: Run Common\Behavior\InitHookBehavior [ RunTime:0.006067s ]
INFO: [ app_init ] --END-- [ RunTime:0.006173s ]
ERR: 无法加载模块:Public

[ 2021-01-09T21:02:43+08:00 ] 112.65.12.254 /public/home/twentynineteen/js/airtracking.js
INFO: [ app_init ] --START--
INFO: Run Behavior\BuildLiteBehavior [ RunTime:0.000015s ]
INFO: Run Common\Behavior\InitHookBehavior [ RunTime:0.006218s ]
INFO: [ app_init ] --END-- [ RunTime:0.006336s ]
ERR: 无法加载模块:Public

[ 2021-01-09T21:02:43+08:00 ] 112.65.12.254 /public/home/twentynineteen/js/jquery-2.0.3.min.js
INFO: [ app_init ] --START--
INFO: Run Behavior\BuildLiteBehavior [ RunTime:0.000013s ]
INFO: Run Common\Behavior\InitHookBehavior [ RunTime:0.006123s ]
INFO: [ app_init ] --END-- [ RunTime:0.006227s ]
ERR: 无法加载模块:Public

[ 2021-01-09T21:02:43+08:00 ] 112.65.12.254 /public/home/twentynineteen/css/airtracking.css
INFO: [ app_init ] --START--
INFO: Run Behavior\BuildLiteBehavior [ RunTime:0.000013s ]
INFO: Run Common\Behavior\InitHookBehavior [ RunTime:0.006748s ]
INFO: [ app_init ] --END-- [ RunTime:0.006843s ]
ERR: 无法加载模块:Public

[ 2021-01-09T21:02:43+08:00 ] 112.65.12.254 /public/home/twentynineteen/img/loading.gif
INFO: [ app_init ] --START--
INFO: Run Behavior\BuildLiteBehavior [ RunTime:0.000014s ]
INFO: Run Common\Behavior\InitHookBehavior [ RunTime:0.002212s ]
INFO: [ app_init ] --END-- [ RunTime:0.002307s ]
ERR: 无法加载模块:Public

[ 2021-01-09T21:02:43+08:00 ] 112.65.12.254 /public/home/twentynineteen/js/airtracking.js
INFO: [ app_init ] --START--
INFO: Run Behavior\BuildLiteBehavior [ RunTime:0.000015s ]
INFO: Run Common\Behavior\InitHookBehavior [ RunTime:0.005910s ]
INFO: [ app_init ] --END-- [ RunTime:0.006023s ]
ERR: 无法加载模块:Public

[ 2021-01-09T21:03:03+08:00 ] 112.65.12.254 /public/home/twentynineteen/css/airtracking.css
INFO: [ app_init ] --START--
INFO: Run Behavior\BuildLiteBehavior [ RunTime:0.000018s ]
INFO: Run Common\Behavior\InitHookBehavior [ RunTime:0.005529s ]
INFO: [ app_init ] --END-- [ RunTime:0.006370s ]
ERR: 无法加载模块:Public

[ 2021-01-09T21:03:03+08:00 ] 112.65.12.254 /public/home/twentynineteen/js/jquery-2.0.3.min.js
INFO: [ app_init ] --START--
INFO: Run Behavior\BuildLiteBehavior [ RunTime:0.000014s ]
INFO: Run Common\Behavior\InitHookBehavior [ RunTime:0.001873s ]
INFO: [ app_init ] --END-- [ RunTime:0.001983s ]
ERR: 无法加载模块:Public

[ 2021-01-09T21:03:03+08:00 ] 112.65.12.254 /public/home/twentynineteen/js/airtracking.js
INFO: [ app_init ] --START--
INFO: Run Behavior\BuildLiteBehavior [ RunTime:0.000016s ]
INFO: Run Common\Behavior\InitHookBehavior [ RunTime:0.001810s ]
INFO: [ app_init ] --END-- [ RunTime:0.001941s ]
ERR: 无法加载模块:Public

[ 2021-01-09T21:03:03+08:00 ] 112.65.12.254 /public/home/twentynineteen/img/loading.gif
INFO: [ app_init ] --START--
INFO: Run Behavior\BuildLiteBehavior [ RunTime:0.000016s ]
INFO: Run Common\Behavior\InitHookBehavior [ RunTime:0.001870s ]
INFO: [ app_init ] --END-- [ RunTime:0.001982s ]
ERR: 无法加载模块:Public

[ 2021-01-09T21:05:07+08:00 ] 112.65.12.254 /public/home/twentynineteen/js/jquery-2.0.3.min.js
INFO: [ app_init ] --START--
INFO: Run Behavior\BuildLiteBehavior [ RunTime:0.000015s ]
INFO: Run Common\Behavior\InitHookBehavior [ RunTime:0.006449s ]
INFO: [ app_init ] --END-- [ RunTime:0.006565s ]
ERR: 无法加载模块:Public

[ 2021-01-09T21:05:07+08:00 ] 112.65.12.254 /public/home/twentynineteen/css/airtracking.css
INFO: [ app_init ] --START--
INFO: Run Behavior\BuildLiteBehavior [ RunTime:0.000015s ]
INFO: Run Common\Behavior\InitHookBehavior [ RunTime:0.004423s ]
INFO: [ app_init ] --END-- [ RunTime:0.004534s ]
ERR: 无法加载模块:Public

[ 2021-01-09T21:05:07+08:00 ] 112.65.12.254 /public/home/twentynineteen/js/airtracking.js
INFO: [ app_init ] --START--
INFO: Run Behavior\BuildLiteBehavior [ RunTime:0.000014s ]
INFO: Run Common\Behavior\InitHookBehavior [ RunTime:0.001769s ]
INFO: [ app_init ] --END-- [ RunTime:0.001896s ]
ERR: 无法加载模块:Public

[ 2021-01-09T21:05:07+08:00 ] 112.65.12.254 /public/home/twentynineteen/img/loading.gif
INFO: [ app_init ] --START--
INFO: Run Behavior\BuildLiteBehavior [ RunTime:0.000015s ]
INFO: Run Common\Behavior\InitHookBehavior [ RunTime:0.002109s ]
INFO: [ app_init ] --END-- [ RunTime:0.002228s ]
ERR: 无法加载模块:Public

[ 2021-01-09T21:06:14+08:00 ] 112.65.12.254 /public/home/twentynineteen/js/jquery-2.0.3.min.js
INFO: [ app_init ] --START--
INFO: Run Behavior\BuildLiteBehavior [ RunTime:0.000013s ]
INFO: Run Common\Behavior\InitHookBehavior [ RunTime:0.005828s ]
INFO: [ app_init ] --END-- [ RunTime:0.005950s ]
ERR: 无法加载模块:Public

[ 2021-01-09T21:06:14+08:00 ] 112.65.12.254 /public/home/twentynineteen/css/airtracking.css
INFO: [ app_init ] --START--
INFO: Run Behavior\BuildLiteBehavior [ RunTime:0.000015s ]
INFO: Run Common\Behavior\InitHookBehavior [ RunTime:0.009225s ]
INFO: [ app_init ] --END-- [ RunTime:0.009365s ]
ERR: 无法加载模块:Public

[ 2021-01-09T21:06:14+08:00 ] 112.65.12.254 /public/home/twentynineteen/js/airtracking.js
INFO: [ app_init ] --START--
INFO: Run Behavior\BuildLiteBehavior [ RunTime:0.000015s ]
INFO: Run Common\Behavior\InitHookBehavior [ RunTime:0.001827s ]
INFO: [ app_init ] --END-- [ RunTime:0.001934s ]
ERR: 无法加载模块:Public

[ 2021-01-09T21:06:14+08:00 ] 112.65.12.254 /public/home/twentynineteen/img/loading.gif
INFO: [ app_init ] --START--
INFO: Run Behavior\BuildLiteBehavior [ RunTime:0.000016s ]
INFO: Run Common\Behavior\InitHookBehavior [ RunTime:0.002164s ]
INFO: [ app_init ] --END-- [ RunTime:0.002276s ]
ERR: 无法加载模块:Public

[ 2021-01-09T21:06:19+08:00 ] 112.65.12.254 /public/home/twentynineteen/css/airtracking.css
INFO: [ app_init ] --START--
INFO: Run Behavior\BuildLiteBehavior [ RunTime:0.000014s ]
INFO: Run Common\Behavior\InitHookBehavior [ RunTime:0.002260s ]
INFO: [ app_init ] --END-- [ RunTime:0.002370s ]
ERR: 无法加载模块:Public

[ 2021-01-09T21:16:44+08:00 ] 112.65.12.254 /index.html
INFO: [ app_init ] --START--
INFO: Run Behavior\BuildLiteBehavior [ RunTime:0.000014s ]
INFO: Run Common\Behavior\InitHookBehavior [ RunTime:0.001755s ]
INFO: [ app_init ] --END-- [ RunTime:0.001855s ]
ERR: 无法加载模块:Index

[ 2021-01-09T21:19:48+08:00 ] 112.65.12.254 /public/home/twentynineteen/js/jquery-2.0.3.min.js
INFO: [ app_init ] --START--
INFO: Run Behavior\BuildLiteBehavior [ RunTime:0.000012s ]
INFO: Run Common\Behavior\InitHookBehavior [ RunTime:0.004058s ]
INFO: [ app_init ] --END-- [ RunTime:0.004153s ]
ERR: 无法加载模块:Public

[ 2021-01-09T21:19:48+08:00 ] 112.65.12.254 /public/home/twentynineteen/css/airtracking.css
INFO: [ app_init ] --START--
INFO: Run Behavior\BuildLiteBehavior [ RunTime:0.000015s ]
INFO: Run Common\Behavior\InitHookBehavior [ RunTime:0.001680s ]
INFO: [ app_init ] --END-- [ RunTime:0.007541s ]
ERR: 无法加载模块:Public

[ 2021-01-09T21:19:48+08:00 ] 112.65.12.254 /public/home/twentynineteen/js/airtracking.js
INFO: [ app_init ] --START--
INFO: Run Behavior\BuildLiteBehavior [ RunTime:0.000014s ]
INFO: Run Common\Behavior\InitHookBehavior [ RunTime:0.001689s ]
INFO: [ app_init ] --END-- [ RunTime:0.001805s ]
ERR: 无法加载模块:Public

[ 2021-01-09T21:19:48+08:00 ] 112.65.12.254 /public/home/twentynineteen/img/loading.gif
INFO: [ app_init ] --START--
INFO: Run Behavior\BuildLiteBehavior [ RunTime:0.000013s ]
INFO: Run Common\Behavior\InitHookBehavior [ RunTime:0.001821s ]
INFO: [ app_init ] --END-- [ RunTime:0.001920s ]
ERR: 无法加载模块:Public

[ 2021-01-09T21:19:56+08:00 ] 112.65.12.254 /public/home/twentynineteen/js/airtracking.js
INFO: [ app_init ] --START--
INFO: Run Behavior\BuildLiteBehavior [ RunTime:0.000013s ]
INFO: Run Common\Behavior\InitHookBehavior [ RunTime:0.002126s ]
INFO: [ app_init ] --END-- [ RunTime:0.002217s ]
ERR: 无法加载模块:Public

[ 2021-01-09T21:19:56+08:00 ] 112.65.12.254 /public/home/twentynineteen/css/airtracking.css
INFO: [ app_init ] --START--
INFO: Run Behavior\BuildLiteBehavior [ RunTime:0.000015s ]
INFO: Run Common\Behavior\InitHookBehavior [ RunTime:0.009278s ]
INFO: [ app_init ] --END-- [ RunTime:0.009398s ]
ERR: 无法加载模块:Public

[ 2021-01-09T21:19:56+08:00 ] 112.65.12.254 /public/home/twentynineteen/js/jquery-2.0.3.min.js
INFO: [ app_init ] --START--
INFO: Run Behavior\BuildLiteBehavior [ RunTime:0.000014s ]
INFO: Run Common\Behavior\InitHookBehavior [ RunTime:0.009273s ]
INFO: [ app_init ] --END-- [ RunTime:0.009384s ]
ERR: 无法加载模块:Public

[ 2021-01-09T21:19:56+08:00 ] 112.65.12.254 /public/home/twentynineteen/img/loading.gif
INFO: [ app_init ] --START--
INFO: Run Behavior\BuildLiteBehavior [ RunTime:0.000015s ]
INFO: Run Common\Behavior\InitHookBehavior [ RunTime:0.004744s ]
INFO: [ app_init ] --END-- [ RunTime:0.004861s ]
ERR: 无法加载模块:Public

[ 2021-01-09T21:19:56+08:00 ] 112.65.12.254 /public/home/twentynineteen/js/airtracking.js
INFO: [ app_init ] --START--
INFO: Run Behavior\BuildLiteBehavior [ RunTime:0.000012s ]
INFO: Run Common\Behavior\InitHookBehavior [ RunTime:0.001659s ]
INFO: [ app_init ] --END-- [ RunTime:0.001747s ]
ERR: 无法加载模块:Public

[ 2021-01-09T21:20:03+08:00 ] 112.65.12.254 /public/home/twentynineteen/js/jquery-2.0.3.min.js
INFO: [ app_init ] --START--
INFO: Run Behavior\BuildLiteBehavior [ RunTime:0.000014s ]
INFO: Run Common\Behavior\InitHookBehavior [ RunTime:0.007903s ]
INFO: [ app_init ] --END-- [ RunTime:0.008023s ]
ERR: 无法加载模块:Public

[ 2021-01-09T21:20:03+08:00 ] 112.65.12.254 /public/home/twentynineteen/css/airtracking.css
INFO: [ app_init ] --START--
INFO: Run Behavior\BuildLiteBehavior [ RunTime:0.000016s ]
INFO: Run Common\Behavior\InitHookBehavior [ RunTime:0.006137s ]
INFO: [ app_init ] --END-- [ RunTime:0.006265s ]
ERR: 无法加载模块:Public

[ 2021-01-09T21:20:03+08:00 ] 112.65.12.254 /public/home/twentynineteen/js/airtracking.js
INFO: [ app_init ] --START--
INFO: Run Behavior\BuildLiteBehavior [ RunTime:0.000014s ]
INFO: Run Common\Behavior\InitHookBehavior [ RunTime:0.005649s ]
INFO: [ app_init ] --END-- [ RunTime:0.005763s ]
ERR: 无法加载模块:Public

[ 2021-01-09T21:20:03+08:00 ] 112.65.12.254 /public/home/twentynineteen/img/loading.gif
INFO: [ app_init ] --START--
INFO: Run Behavior\BuildLiteBehavior [ RunTime:0.000015s ]
INFO: Run Common\Behavior\InitHookBehavior [ RunTime:0.001681s ]
INFO: [ app_init ] --END-- [ RunTime:0.001786s ]
ERR: 无法加载模块:Public

[ 2021-01-09T21:24:08+08:00 ] 112.65.12.254 /index/index.php
INFO: [ app_init ] --START--
INFO: Run Behavior\BuildLiteBehavior [ RunTime:0.000014s ]
INFO: Run Common\Behavior\InitHookBehavior [ RunTime:0.001763s ]
INFO: [ app_init ] --END-- [ RunTime:0.001864s ]
ERR: 无法加载模块:Index

[ 2021-01-09T21:24:12+08:00 ] 112.65.12.254 /public/home/twentynineteen/css/airtracking.css
INFO: [ app_init ] --START--
INFO: Run Behavior\BuildLiteBehavior [ RunTime:0.000016s ]
INFO: Run Common\Behavior\InitHookBehavior [ RunTime:0.001736s ]
INFO: [ app_init ] --END-- [ RunTime:0.001849s ]
ERR: 无法加载模块:Public

[ 2021-01-09T21:24:39+08:00 ] 112.65.12.254 /index/index/y/line
INFO: [ app_init ] --START--
INFO: Run Behavior\BuildLiteBehavior [ RunTime:0.000014s ]
INFO: Run Common\Behavior\InitHookBehavior [ RunTime:0.001726s ]
INFO: [ app_init ] --END-- [ RunTime:0.001833s ]
ERR: 无法加载模块:Index

[ 2021-01-09T21:24:55+08:00 ] 112.65.12.254 /public/home/twentynineteen/js/jquery-2.0.3.min.js
INFO: [ app_init ] --START--
INFO: Run Behavior\BuildLiteBehavior [ RunTime:0.000012s ]
INFO: Run Common\Behavior\InitHookBehavior [ RunTime:0.006243s ]
INFO: [ app_init ] --END-- [ RunTime:0.006336s ]
ERR: 无法加载模块:Public

[ 2021-01-09T21:24:55+08:00 ] 112.65.12.254 /public/home/twentynineteen/css/airtracking.css
INFO: [ app_init ] --START--
INFO: Run Behavior\BuildLiteBehavior [ RunTime:0.000014s ]
INFO: Run Common\Behavior\InitHookBehavior [ RunTime:0.006682s ]
INFO: [ app_init ] --END-- [ RunTime:0.006785s ]
ERR: 无法加载模块:Public

[ 2021-01-09T21:24:55+08:00 ] 112.65.12.254 /public/home/twentynineteen/js/airtracking.js
INFO: [ app_init ] --START--
INFO: Run Behavior\BuildLiteBehavior [ RunTime:0.000013s ]
INFO: Run Common\Behavior\InitHookBehavior [ RunTime:0.001801s ]
INFO: [ app_init ] --END-- [ RunTime:0.001902s ]
ERR: 无法加载模块:Public

[ 2021-01-09T21:24:55+08:00 ] 112.65.12.254 /public/home/twentynineteen/img/loading.gif
INFO: [ app_init ] --START--
INFO: Run Behavior\BuildLiteBehavior [ RunTime:0.000013s ]
INFO: Run Common\Behavior\InitHookBehavior [ RunTime:0.001739s ]
INFO: [ app_init ] --END-- [ RunTime:0.001843s ]
ERR: 无法加载模块:Public

[ 2021-01-09T21:25:07+08:00 ] 112.65.12.254 /public/home/twentynineteen/js/airtracking.js
INFO: [ app_init ] --START--
INFO: Run Behavior\BuildLiteBehavior [ RunTime:0.000014s ]
INFO: Run Common\Behavior\InitHookBehavior [ RunTime:0.006635s ]
INFO: [ app_init ] --END-- [ RunTime:0.006744s ]
ERR: 无法加载模块:Public

[ 2021-01-09T21:25:07+08:00 ] 112.65.12.254 /public/home/twentynineteen/css/airtracking.css
INFO: [ app_init ] --START--
INFO: Run Behavior\BuildLiteBehavior [ RunTime:0.000015s ]
INFO: Run Common\Behavior\InitHookBehavior [ RunTime:0.006715s ]
INFO: [ app_init ] --END-- [ RunTime:0.006818s ]
ERR: 无法加载模块:Public

[ 2021-01-09T21:25:07+08:00 ] 112.65.12.254 /public/home/twentynineteen/js/jquery-2.0.3.min.js
INFO: [ app_init ] --START--
INFO: Run Behavior\BuildLiteBehavior [ RunTime:0.000012s ]
INFO: Run Common\Behavior\InitHookBehavior [ RunTime:0.003669s ]
INFO: [ app_init ] --END-- [ RunTime:0.003758s ]
ERR: 无法加载模块:Public

[ 2021-01-09T21:25:07+08:00 ] 112.65.12.254 /public/home/twentynineteen/js/airtracking.js
INFO: [ app_init ] --START--
INFO: Run Behavior\BuildLiteBehavior [ RunTime:0.000015s ]
INFO: Run Common\Behavior\InitHookBehavior [ RunTime:0.001695s ]
INFO: [ app_init ] --END-- [ RunTime:0.001805s ]
ERR: 无法加载模块:Public

[ 2021-01-09T21:25:07+08:00 ] 112.65.12.254 /public/home/twentynineteen/img/loading.gif
INFO: [ app_init ] --START--
INFO: Run Behavior\BuildLiteBehavior [ RunTime:0.000013s ]
INFO: Run Common\Behavior\InitHookBehavior [ RunTime:0.001715s ]
INFO: [ app_init ] --END-- [ RunTime:0.001810s ]
ERR: 无法加载模块:Public

[ 2021-01-09T21:27:09+08:00 ] 112.65.12.254 /public/home/twentynineteen/css/airtracking.css
INFO: [ app_init ] --START--
INFO: Run Behavior\BuildLiteBehavior [ RunTime:0.000018s ]
INFO: Run Common\Behavior\InitHookBehavior [ RunTime:0.005991s ]
INFO: [ app_init ] --END-- [ RunTime:0.006125s ]
ERR: 无法加载模块:Public

[ 2021-01-09T21:27:09+08:00 ] 112.65.12.254 /public/home/twentynineteen/js/jquery-2.0.3.min.js
INFO: [ app_init ] --START--
INFO: Run Behavior\BuildLiteBehavior [ RunTime:0.000014s ]
INFO: Run Common\Behavior\InitHookBehavior [ RunTime:0.005318s ]
INFO: [ app_init ] --END-- [ RunTime:0.005423s ]
ERR: 无法加载模块:Public

[ 2021-01-09T21:27:09+08:00 ] 112.65.12.254 /public/home/twentynineteen/js/airtracking.js
INFO: [ app_init ] --START--
INFO: Run Behavior\BuildLiteBehavior [ RunTime:0.000014s ]
INFO: Run Common\Behavior\InitHookBehavior [ RunTime:0.001687s ]
INFO: [ app_init ] --END-- [ RunTime:0.001786s ]
ERR: 无法加载模块:Public

[ 2021-01-09T21:27:09+08:00 ] 112.65.12.254 /public/home/twentynineteen/img/loading.gif
INFO: [ app_init ] --START--
INFO: Run Behavior\BuildLiteBehavior [ RunTime:0.000015s ]
INFO: Run Common\Behavior\InitHookBehavior [ RunTime:0.001741s ]
INFO: [ app_init ] --END-- [ RunTime:0.001847s ]
ERR: 无法加载模块:Public

[ 2021-01-09T21:27:15+08:00 ] 112.65.12.254 /public/home/twentynineteen/css/airtracking.css
INFO: [ app_init ] --START--
INFO: Run Behavior\BuildLiteBehavior [ RunTime:0.000015s ]
INFO: Run Common\Behavior\InitHookBehavior [ RunTime:0.001767s ]
INFO: [ app_init ] --END-- [ RunTime:0.001869s ]
ERR: 无法加载模块:Public

[ 2021-01-09T21:29:53+08:00 ] 112.65.12.254 /public/home/twentynineteen/css/airtracking.css
INFO: [ app_init ] --START--
INFO: Run Behavior\BuildLiteBehavior [ RunTime:0.000016s ]
INFO: Run Common\Behavior\InitHookBehavior [ RunTime:0.005896s ]
INFO: [ app_init ] --END-- [ RunTime:0.006013s ]
ERR: 无法加载模块:Public

[ 2021-01-09T21:29:53+08:00 ] 112.65.12.254 /public/home/twentynineteen/js/jquery-2.0.3.min.js
INFO: [ app_init ] --START--
INFO: Run Behavior\BuildLiteBehavior [ RunTime:0.000021s ]
INFO: Run Common\Behavior\InitHookBehavior [ RunTime:0.002359s ]
INFO: [ app_init ] --END-- [ RunTime:0.002516s ]
ERR: 无法加载模块:Public

[ 2021-01-09T21:29:53+08:00 ] 112.65.12.254 /public/home/twentynineteen/js/airtracking.js
INFO: [ app_init ] --START--
INFO: Run Behavior\BuildLiteBehavior [ RunTime:0.000014s ]
INFO: Run Common\Behavior\InitHookBehavior [ RunTime:0.003516s ]
INFO: [ app_init ] --END-- [ RunTime:0.003626s ]
ERR: 无法加载模块:Public

[ 2021-01-09T21:29:54+08:00 ] 112.65.12.254 /public/home/twentynineteen/img/loading.gif
INFO: [ app_init ] --START--
INFO: Run Behavior\BuildLiteBehavior [ RunTime:0.000015s ]
INFO: Run Common\Behavior\InitHookBehavior [ RunTime:0.001765s ]
INFO: [ app_init ] --END-- [ RunTime:0.001873s ]
ERR: 无法加载模块:Public

[ 2021-01-09T21:33:48+08:00 ] 61.129.8.199 /public/home/twentynineteen/js/airtracking.js
INFO: [ app_init ] --START--
INFO: Run Behavior\BuildLiteBehavior [ RunTime:0.000016s ]
INFO: Run Common\Behavior\InitHookBehavior [ RunTime:0.001736s ]
INFO: [ app_init ] --END-- [ RunTime:0.001850s ]
ERR: 无法加载模块:Public

[ 2021-01-09T21:33:48+08:00 ] 61.129.8.199 /public/home/twentynineteen/js/jquery-2.0.3.min.js
INFO: [ app_init ] --START--
INFO: Run Behavior\BuildLiteBehavior [ RunTime:0.000017s ]
INFO: Run Common\Behavior\InitHookBehavior [ RunTime:0.001879s ]
INFO: [ app_init ] --END-- [ RunTime:0.002007s ]
ERR: 无法加载模块:Public

[ 2021-01-09T21:33:49+08:00 ] 112.65.12.254 /public/home/twentynineteen/css/airtracking.css
INFO: [ app_init ] --START--
INFO: Run Behavior\BuildLiteBehavior [ RunTime:0.000015s ]
INFO: Run Common\Behavior\InitHookBehavior [ RunTime:0.001828s ]
INFO: [ app_init ] --END-- [ RunTime:0.001941s ]
ERR: 无法加载模块:Public

[ 2021-01-09T21:33:49+08:00 ] 112.65.12.254 /public/home/twentynineteen/img/loading.gif
INFO: [ app_init ] --START--
INFO: Run Behavior\BuildLiteBehavior [ RunTime:0.000020s ]
INFO: Run Common\Behavior\InitHookBehavior [ RunTime:0.005172s ]
INFO: [ app_init ] --END-- [ RunTime:0.005307s ]
ERR: 无法加载模块:Public

[ 2021-01-09T21:33:49+08:00 ] 61.129.8.199 /public/home/twentynineteen/js/airtracking.js
INFO: [ app_init ] --START--
INFO: Run Behavior\BuildLiteBehavior [ RunTime:0.000013s ]
INFO: Run Common\Behavior\InitHookBehavior [ RunTime:0.007015s ]
INFO: [ app_init ] --END-- [ RunTime:0.007131s ]
ERR: 无法加载模块:Public

[ 2021-01-09T21:37:19+08:00 ] 101.91.62.65 /public/home/twentynineteen/js/jquery-2.0.3.min.js
INFO: [ app_init ] --START--
INFO: Run Behavior\BuildLiteBehavior [ RunTime:0.000015s ]
INFO: Run Common\Behavior\InitHookBehavior [ RunTime:0.001845s ]
INFO: [ app_init ] --END-- [ RunTime:0.001955s ]
ERR: 无法加载模块:Public

[ 2021-01-09T21:37:42+08:00 ] 101.91.62.65 /public/home/twentynineteen/js/airtracking.js
INFO: [ app_init ] --START--
INFO: Run Behavior\BuildLiteBehavior [ RunTime:0.000015s ]
INFO: Run Common\Behavior\InitHookBehavior [ RunTime:0.001753s ]
INFO: [ app_init ] --END-- [ RunTime:0.001854s ]
ERR: 无法加载模块:Public

[ 2021-01-09T21:37:43+08:00 ] 112.65.12.254 /public/home/twentynineteen/css/airtracking.css
INFO: [ app_init ] --START--
INFO: Run Behavior\BuildLiteBehavior [ RunTime:0.000016s ]
INFO: Run Common\Behavior\InitHookBehavior [ RunTime:0.007762s ]
INFO: [ app_init ] --END-- [ RunTime:0.007889s ]
ERR: 无法加载模块:Public

[ 2021-01-09T21:37:43+08:00 ] 112.65.12.254 /public/home/twentynineteen/js/jquery-2.0.3.min.js
INFO: [ app_init ] --START--
INFO: Run Behavior\BuildLiteBehavior [ RunTime:0.000014s ]
INFO: Run Common\Behavior\InitHookBehavior [ RunTime:0.007280s ]
INFO: [ app_init ] --END-- [ RunTime:0.007407s ]
ERR: 无法加载模块:Public

[ 2021-01-09T21:37:43+08:00 ] 112.65.12.254 /public/home/twentynineteen/js/airtracking.js
INFO: [ app_init ] --START--
INFO: Run Behavior\BuildLiteBehavior [ RunTime:0.000015s ]
INFO: Run Common\Behavior\InitHookBehavior [ RunTime:0.001730s ]
INFO: [ app_init ] --END-- [ RunTime:0.001836s ]
ERR: 无法加载模块:Public

[ 2021-01-09T21:37:43+08:00 ] 112.65.12.254 /public/home/twentynineteen/img/loading.gif
INFO: [ app_init ] --START--
INFO: Run Behavior\BuildLiteBehavior [ RunTime:0.000014s ]
INFO: Run Common\Behavior\InitHookBehavior [ RunTime:0.001688s ]
INFO: [ app_init ] --END-- [ RunTime:0.001797s ]
ERR: 无法加载模块:Public

[ 2021-01-09T22:14:36+08:00 ] 112.65.12.254 /public/home/twentynineteen/css/airtracking.css
INFO: [ app_init ] --START--
INFO: Run Behavior\BuildLiteBehavior [ RunTime:0.000015s ]
INFO: Run Common\Behavior\InitHookBehavior [ RunTime:0.005703s ]
INFO: [ app_init ] --END-- [ RunTime:0.005814s ]
ERR: 无法加载模块:Public

[ 2021-01-09T22:14:36+08:00 ] 112.65.12.254 /public/home/twentynineteen/js/jquery-2.0.3.min.js
INFO: [ app_init ] --START--
INFO: Run Behavior\BuildLiteBehavior [ RunTime:0.000016s ]
INFO: Run Common\Behavior\InitHookBehavior [ RunTime:0.006306s ]
INFO: [ app_init ] --END-- [ RunTime:0.006415s ]
ERR: 无法加载模块:Public

[ 2021-01-09T22:14:36+08:00 ] 112.65.12.254 /public/home/twentynineteen/js/airtracking.js
INFO: [ app_init ] --START--
INFO: Run Behavior\BuildLiteBehavior [ RunTime:0.000017s ]
INFO: Run Common\Behavior\InitHookBehavior [ RunTime:0.001941s ]
INFO: [ app_init ] --END-- [ RunTime:0.002068s ]
ERR: 无法加载模块:Public

[ 2021-01-09T22:14:36+08:00 ] 112.65.12.254 /public/home/twentynineteen/img/loading.gif
INFO: [ app_init ] --START--
INFO: Run Behavior\BuildLiteBehavior [ RunTime:0.000015s ]
INFO: Run Common\Behavior\InitHookBehavior [ RunTime:0.001700s ]
INFO: [ app_init ] --END-- [ RunTime:0.001802s ]
ERR: 无法加载模块:Public

[ 2021-01-09T22:14:54+08:00 ] 101.224.181.238 /public/home/twentynineteen/css/airtracking.css
INFO: [ app_init ] --START--
INFO: Run Behavior\BuildLiteBehavior [ RunTime:0.000015s ]
INFO: Run Common\Behavior\InitHookBehavior [ RunTime:0.009896s ]
INFO: [ app_init ] --END-- [ RunTime:0.010009s ]
ERR: 无法加载模块:Public

[ 2021-01-09T22:14:54+08:00 ] 61.151.178.171 /public/home/twentynineteen/js/airtracking.js
INFO: [ app_init ] --START--
INFO: Run Behavior\BuildLiteBehavior [ RunTime:0.000015s ]
INFO: Run Common\Behavior\InitHookBehavior [ RunTime:0.001714s ]
INFO: [ app_init ] --END-- [ RunTime:0.001827s ]
ERR: 无法加载模块:Public

[ 2021-01-09T22:14:54+08:00 ] 61.151.178.171 /public/home/twentynineteen/js/jquery-2.0.3.min.js
INFO: [ app_init ] --START--
INFO: Run Behavior\BuildLiteBehavior [ RunTime:0.000015s ]
INFO: Run Common\Behavior\InitHookBehavior [ RunTime:0.001705s ]
INFO: [ app_init ] --END-- [ RunTime:0.001825s ]
ERR: 无法加载模块:Public

[ 2021-01-09T22:14:55+08:00 ] 101.224.181.238 /public/home/twentynineteen/img/loading.gif
INFO: [ app_init ] --START--
INFO: Run Behavior\BuildLiteBehavior [ RunTime:0.000016s ]
INFO: Run Common\Behavior\InitHookBehavior [ RunTime:0.002305s ]
INFO: [ app_init ] --END-- [ RunTime:0.002432s ]
ERR: 无法加载模块:Public

[ 2021-01-09T22:14:55+08:00 ] 61.151.178.171 /public/home/twentynineteen/js/airtracking.js
INFO: [ app_init ] --START--
INFO: Run Behavior\BuildLiteBehavior [ RunTime:0.000014s ]
INFO: Run Common\Behavior\InitHookBehavior [ RunTime:0.004792s ]
INFO: [ app_init ] --END-- [ RunTime:0.004896s ]
ERR: 无法加载模块:Public

[ 2021-01-09T22:15:07+08:00 ] 101.224.181.238 /public/home/twentynineteen/css/airtracking.css
INFO: [ app_init ] --START--
INFO: Run Behavior\BuildLiteBehavior [ RunTime:0.000016s ]
INFO: Run Common\Behavior\InitHookBehavior [ RunTime:0.006305s ]
INFO: [ app_init ] --END-- [ RunTime:0.006432s ]
ERR: 无法加载模块:Public

[ 2021-01-09T22:15:07+08:00 ] 61.151.178.171 /public/home/twentynineteen/js/airtracking.js
INFO: [ app_init ] --START--
INFO: Run Behavior\BuildLiteBehavior [ RunTime:0.000015s ]
INFO: Run Common\Behavior\InitHookBehavior [ RunTime:0.006789s ]
INFO: [ app_init ] --END-- [ RunTime:0.006907s ]
ERR: 无法加载模块:Public

[ 2021-01-09T22:15:07+08:00 ] 61.151.178.171 /public/home/twentynineteen/js/jquery-2.0.3.min.js
INFO: [ app_init ] --START--
INFO: Run Behavior\BuildLiteBehavior [ RunTime:0.000019s ]
INFO: Run Common\Behavior\InitHookBehavior [ RunTime:0.001937s ]
INFO: [ app_init ] --END-- [ RunTime:0.002068s ]
ERR: 无法加载模块:Public

[ 2021-01-09T22:15:08+08:00 ] 101.224.181.238 /public/home/twentynineteen/img/loading.gif
INFO: [ app_init ] --START--
INFO: Run Behavior\BuildLiteBehavior [ RunTime:0.000018s ]
INFO: Run Common\Behavior\InitHookBehavior [ RunTime:0.003816s ]
INFO: [ app_init ] --END-- [ RunTime:0.003959s ]
ERR: 无法加载模块:Public

[ 2021-01-09T22:15:08+08:00 ] 61.151.178.171 /public/home/twentynineteen/js/airtracking.js
INFO: [ app_init ] --START--
INFO: Run Behavior\BuildLiteBehavior [ RunTime:0.000015s ]
INFO: Run Common\Behavior\InitHookBehavior [ RunTime:0.001868s ]
INFO: [ app_init ] --END-- [ RunTime:0.001989s ]
ERR: 无法加载模块:Public

[ 2021-01-09T22:15:13+08:00 ] 101.224.181.238 /public/home/twentynineteen/css/airtracking.css
INFO: [ app_init ] --START--
INFO: Run Behavior\BuildLiteBehavior [ RunTime:0.000015s ]
INFO: Run Common\Behavior\InitHookBehavior [ RunTime:0.008443s ]
INFO: [ app_init ] --END-- [ RunTime:0.008565s ]
ERR: 无法加载模块:Public

[ 2021-01-09T22:15:13+08:00 ] 61.151.178.171 /public/home/twentynineteen/js/airtracking.js
INFO: [ app_init ] --START--
INFO: Run Behavior\BuildLiteBehavior [ RunTime:0.000013s ]
INFO: Run Common\Behavior\InitHookBehavior [ RunTime:0.007389s ]
INFO: [ app_init ] --END-- [ RunTime:0.007502s ]
ERR: 无法加载模块:Public

[ 2021-01-09T22:15:13+08:00 ] 61.151.178.171 /public/home/twentynineteen/js/jquery-2.0.3.min.js
INFO: [ app_init ] --START--
INFO: Run Behavior\BuildLiteBehavior [ RunTime:0.000013s ]
INFO: Run Common\Behavior\InitHookBehavior [ RunTime:0.006605s ]
INFO: [ app_init ] --END-- [ RunTime:0.006706s ]
ERR: 无法加载模块:Public

[ 2021-01-09T22:15:13+08:00 ] 101.224.181.238 /public/home/twentynineteen/img/loading.gif
INFO: [ app_init ] --START--
INFO: Run Behavior\BuildLiteBehavior [ RunTime:0.000015s ]
INFO: Run Common\Behavior\InitHookBehavior [ RunTime:0.004749s ]
INFO: [ app_init ] --END-- [ RunTime:0.004865s ]
ERR: 无法加载模块:Public

[ 2021-01-09T22:15:13+08:00 ] 61.151.178.171 /public/home/twentynineteen/js/airtracking.js
INFO: [ app_init ] --START--
INFO: Run Behavior\BuildLiteBehavior [ RunTime:0.000013s ]
INFO: Run Common\Behavior\InitHookBehavior [ RunTime:0.005894s ]
INFO: [ app_init ] --END-- [ RunTime:0.006006s ]
ERR: 无法加载模块:Public

[ 2021-01-09T22:16:17+08:00 ] 61.129.6.145 /public/home/twentynineteen/js/jquery-2.0.3.min.js
INFO: [ app_init ] --START--
INFO: Run Behavior\BuildLiteBehavior [ RunTime:0.000014s ]
INFO: Run Common\Behavior\InitHookBehavior [ RunTime:0.001760s ]
INFO: [ app_init ] --END-- [ RunTime:0.001866s ]
ERR: 无法加载模块:Public

[ 2021-01-09T22:16:31+08:00 ] 61.129.6.145 /public/home/twentynineteen/js/airtracking.js
INFO: [ app_init ] --START--
INFO: Run Behavior\BuildLiteBehavior [ RunTime:0.000015s ]
INFO: Run Common\Behavior\InitHookBehavior [ RunTime:0.001672s ]
INFO: [ app_init ] --END-- [ RunTime:0.001772s ]
ERR: 无法加载模块:Public

[ 2021-01-09T22:17:54+08:00 ] 112.65.12.254 /public/home/twentynineteen/css/airtracking.css
INFO: [ app_init ] --START--
INFO: Run Behavior\BuildLiteBehavior [ RunTime:0.000015s ]
INFO: Run Common\Behavior\InitHookBehavior [ RunTime:0.005801s ]
INFO: [ app_init ] --END-- [ RunTime:0.005914s ]
ERR: 无法加载模块:Public

[ 2021-01-09T22:17:54+08:00 ] 112.65.12.254 /public/home/twentynineteen/js/jquery-2.0.3.min.js
INFO: [ app_init ] --START--
INFO: Run Behavior\BuildLiteBehavior [ RunTime:0.000013s ]
INFO: Run Common\Behavior\InitHookBehavior [ RunTime:0.005799s ]
INFO: [ app_init ] --END-- [ RunTime:0.005904s ]
ERR: 无法加载模块:Public

[ 2021-01-09T22:17:54+08:00 ] 112.65.12.254 /public/home/twentynineteen/js/airtracking.js
INFO: [ app_init ] --START--
INFO: Run Behavior\BuildLiteBehavior [ RunTime:0.000029s ]
INFO: Run Common\Behavior\InitHookBehavior [ RunTime:0.001711s ]
INFO: [ app_init ] --END-- [ RunTime:0.001826s ]
ERR: 无法加载模块:Public

[ 2021-01-09T22:17:54+08:00 ] 112.65.12.254 /public/home/twentynineteen/img/loading.gif
INFO: [ app_init ] --START--
INFO: Run Behavior\BuildLiteBehavior [ RunTime:0.000015s ]
INFO: Run Common\Behavior\InitHookBehavior [ RunTime:0.001809s ]
INFO: [ app_init ] --END-- [ RunTime:0.001914s ]
ERR: 无法加载模块:Public

[ 2021-01-09T22:18:01+08:00 ] 112.65.12.254 /public/home/twentynineteen/js/jquery-2.0.3.min.js
INFO: [ app_init ] --START--
INFO: Run Behavior\BuildLiteBehavior [ RunTime:0.000013s ]
INFO: Run Common\Behavior\InitHookBehavior [ RunTime:0.003916s ]
INFO: [ app_init ] --END-- [ RunTime:0.004014s ]
ERR: 无法加载模块:Public

[ 2021-01-09T22:18:01+08:00 ] 112.65.12.254 /public/home/twentynineteen/js/airtracking.js
INFO: [ app_init ] --START--
INFO: Run Behavior\BuildLiteBehavior [ RunTime:0.000012s ]
INFO: Run Common\Behavior\InitHookBehavior [ RunTime:0.003171s ]
INFO: [ app_init ] --END-- [ RunTime:0.003292s ]
ERR: 无法加载模块:Public

[ 2021-01-09T22:18:01+08:00 ] 112.65.12.254 /public/home/twentynineteen/css/airtracking.css
INFO: [ app_init ] --START--
INFO: Run Behavior\BuildLiteBehavior [ RunTime:0.000016s ]
INFO: Run Common\Behavior\InitHookBehavior [ RunTime:0.008797s ]
INFO: [ app_init ] --END-- [ RunTime:0.008924s ]
ERR: 无法加载模块:Public

[ 2021-01-09T22:18:01+08:00 ] 112.65.12.254 /public/home/twentynineteen/img/loading.gif
INFO: [ app_init ] --START--
INFO: Run Behavior\BuildLiteBehavior [ RunTime:0.000014s ]
INFO: Run Common\Behavior\InitHookBehavior [ RunTime:0.001665s ]
INFO: [ app_init ] --END-- [ RunTime:0.001773s ]
ERR: 无法加载模块:Public

[ 2021-01-09T22:18:07+08:00 ] 112.65.12.254 /public/home/twentynineteen/css/airtracking.css
INFO: [ app_init ] --START--
INFO: Run Behavior\BuildLiteBehavior [ RunTime:0.000015s ]
INFO: Run Common\Behavior\InitHookBehavior [ RunTime:0.007879s ]
INFO: [ app_init ] --END-- [ RunTime:0.007988s ]
ERR: 无法加载模块:Public

[ 2021-01-09T22:18:07+08:00 ] 112.65.12.254 /public/home/twentynineteen/js/jquery-2.0.3.min.js
INFO: [ app_init ] --START--
INFO: Run Behavior\BuildLiteBehavior [ RunTime:0.000012s ]
INFO: Run Common\Behavior\InitHookBehavior [ RunTime:0.007729s ]
INFO: [ app_init ] --END-- [ RunTime:0.007824s ]
ERR: 无法加载模块:Public

[ 2021-01-09T22:18:07+08:00 ] 112.65.12.254 /public/home/twentynineteen/js/airtracking.js
INFO: [ app_init ] --START--
INFO: Run Behavior\BuildLiteBehavior [ RunTime:0.000012s ]
INFO: Run Common\Behavior\InitHookBehavior [ RunTime:0.007485s ]
INFO: [ app_init ] --END-- [ RunTime:0.007585s ]
ERR: 无法加载模块:Public

[ 2021-01-09T22:18:07+08:00 ] 112.65.12.254 /public/home/twentynineteen/img/loading.gif
INFO: [ app_init ] --START--
INFO: Run Behavior\BuildLiteBehavior [ RunTime:0.000014s ]
INFO: Run Common\Behavior\InitHookBehavior [ RunTime:0.001678s ]
INFO: [ app_init ] --END-- [ RunTime:0.001776s ]
ERR: 无法加载模块:Public

[ 2021-01-09T22:19:36+08:00 ] 112.65.12.254 /public/home/twentynineteen/css/airtracking.css
INFO: [ app_init ] --START--
INFO: Run Behavior\BuildLiteBehavior [ RunTime:0.000026s ]
INFO: Run Common\Behavior\InitHookBehavior [ RunTime:0.004926s ]
INFO: [ app_init ] --END-- [ RunTime:0.005057s ]
ERR: 无法加载模块:Public

[ 2021-01-09T22:19:36+08:00 ] 112.65.12.254 /public/home/twentynineteen/js/jquery-2.0.3.min.js
INFO: [ app_init ] --START--
INFO: Run Behavior\BuildLiteBehavior [ RunTime:0.000016s ]
INFO: Run Common\Behavior\InitHookBehavior [ RunTime:0.006241s ]
INFO: [ app_init ] --END-- [ RunTime:0.006366s ]
ERR: 无法加载模块:Public

[ 2021-01-09T22:19:36+08:00 ] 112.65.12.254 /public/home/twentynineteen/js/airtracking.js
INFO: [ app_init ] --START--
INFO: Run Behavior\BuildLiteBehavior [ RunTime:0.000014s ]
INFO: Run Common\Behavior\InitHookBehavior [ RunTime:0.002249s ]
INFO: [ app_init ] --END-- [ RunTime:0.002361s ]
ERR: 无法加载模块:Public

[ 2021-01-09T22:19:36+08:00 ] 112.65.12.254 /public/home/twentynineteen/img/loading.gif
INFO: [ app_init ] --START--
INFO: Run Behavior\BuildLiteBehavior [ RunTime:0.000014s ]
INFO: Run Common\Behavior\InitHookBehavior [ RunTime:0.001924s ]
INFO: [ app_init ] --END-- [ RunTime:0.002021s ]
ERR: 无法加载模块:Public

[ 2021-01-09T22:19:39+08:00 ] 112.65.12.254 /public/home/twentynineteen/js/airtracking.js
INFO: [ app_init ] --START--
INFO: Run Behavior\BuildLiteBehavior [ RunTime:0.000014s ]
INFO: Run Common\Behavior\InitHookBehavior [ RunTime:0.006354s ]
INFO: [ app_init ] --END-- [ RunTime:0.006464s ]
ERR: 无法加载模块:Public

[ 2021-01-09T22:19:39+08:00 ] 112.65.12.254 /public/home/twentynineteen/js/jquery-2.0.3.min.js
INFO: [ app_init ] --START--
INFO: Run Behavior\BuildLiteBehavior [ RunTime:0.000014s ]
INFO: Run Common\Behavior\InitHookBehavior [ RunTime:0.005968s ]
INFO: [ app_init ] --END-- [ RunTime:0.006081s ]
ERR: 无法加载模块:Public

[ 2021-01-09T22:19:39+08:00 ] 112.65.12.254 /public/home/twentynineteen/css/airtracking.css
INFO: [ app_init ] --START--
INFO: Run Behavior\BuildLiteBehavior [ RunTime:0.000026s ]
INFO: Run Common\Behavior\InitHookBehavior [ RunTime:0.007234s ]
INFO: [ app_init ] --END-- [ RunTime:0.007368s ]
ERR: 无法加载模块:Public

[ 2021-01-09T22:19:39+08:00 ] 112.65.12.254 /public/home/twentynineteen/img/loading.gif
INFO: [ app_init ] --START--
INFO: Run Behavior\BuildLiteBehavior [ RunTime:0.000016s ]
INFO: Run Common\Behavior\InitHookBehavior [ RunTime:0.005052s ]
INFO: [ app_init ] --END-- [ RunTime:0.005168s ]
ERR: 无法加载模块:Public

[ 2021-01-09T22:19:39+08:00 ] 112.65.12.254 /public/home/twentynineteen/js/airtracking.js
INFO: [ app_init ] --START--
INFO: Run Behavior\BuildLiteBehavior [ RunTime:0.000013s ]
INFO: Run Common\Behavior\InitHookBehavior [ RunTime:0.005996s ]
INFO: [ app_init ] --END-- [ RunTime:0.006099s ]
ERR: 无法加载模块:Public

[ 2021-01-09T22:20:02+08:00 ] 112.65.12.254 /public/home/twentynineteen/css/airtracking.css
INFO: [ app_init ] --START--
INFO: Run Behavior\BuildLiteBehavior [ RunTime:0.000020s ]
INFO: Run Common\Behavior\InitHookBehavior [ RunTime:0.004350s ]
INFO: [ app_init ] --END-- [ RunTime:0.006514s ]
ERR: 无法加载模块:Public

[ 2021-01-09T22:20:02+08:00 ] 112.65.12.254 /public/home/twentynineteen/js/jquery-2.0.3.min.js
INFO: [ app_init ] --START--
INFO: Run Behavior\BuildLiteBehavior [ RunTime:0.000018s ]
INFO: Run Common\Behavior\InitHookBehavior [ RunTime:0.006315s ]
INFO: [ app_init ] --END-- [ RunTime:0.006466s ]
ERR: 无法加载模块:Public

[ 2021-01-09T22:20:02+08:00 ] 112.65.12.254 /public/home/twentynineteen/js/airtracking.js
INFO: [ app_init ] --START--
INFO: Run Behavior\BuildLiteBehavior [ RunTime:0.000016s ]
INFO: Run Common\Behavior\InitHookBehavior [ RunTime:0.001775s ]
INFO: [ app_init ] --END-- [ RunTime:0.001890s ]
ERR: 无法加载模块:Public

[ 2021-01-09T22:20:02+08:00 ] 112.65.12.254 /public/home/twentynineteen/img/loading.gif
INFO: [ app_init ] --START--
INFO: Run Behavior\BuildLiteBehavior [ RunTime:0.000015s ]
INFO: Run Common\Behavior\InitHookBehavior [ RunTime:0.001798s ]
INFO: [ app_init ] --END-- [ RunTime:0.001910s ]
ERR: 无法加载模块:Public

[ 2021-01-09T22:20:04+08:00 ] 112.65.12.254 /public/home/twentynineteen/js/airtracking.js
INFO: [ app_init ] --START--
INFO: Run Behavior\BuildLiteBehavior [ RunTime:0.000015s ]
INFO: Run Common\Behavior\InitHookBehavior [ RunTime:0.005286s ]
INFO: [ app_init ] --END-- [ RunTime:0.005407s ]
ERR: 无法加载模块:Public

[ 2021-01-09T22:20:04+08:00 ] 112.65.12.254 /public/home/twentynineteen/js/jquery-2.0.3.min.js
INFO: [ app_init ] --START--
INFO: Run Behavior\BuildLiteBehavior [ RunTime:0.000014s ]
INFO: Run Common\Behavior\InitHookBehavior [ RunTime:0.007399s ]
INFO: [ app_init ] --END-- [ RunTime:0.007515s ]
ERR: 无法加载模块:Public

[ 2021-01-09T22:20:04+08:00 ] 112.65.12.254 /public/home/twentynineteen/css/airtracking.css
INFO: [ app_init ] --START--
INFO: Run Behavior\BuildLiteBehavior [ RunTime:0.000015s ]
INFO: Run Common\Behavior\InitHookBehavior [ RunTime:0.006989s ]
INFO: [ app_init ] --END-- [ RunTime:0.007122s ]
ERR: 无法加载模块:Public

[ 2021-01-09T22:20:05+08:00 ] 112.65.12.254 /public/home/twentynineteen/js/airtracking.js
INFO: [ app_init ] --START--
INFO: Run Behavior\BuildLiteBehavior [ RunTime:0.000016s ]
INFO: Run Common\Behavior\InitHookBehavior [ RunTime:0.002005s ]
INFO: [ app_init ] --END-- [ RunTime:0.004347s ]
ERR: 无法加载模块:Public

[ 2021-01-09T22:20:05+08:00 ] 112.65.12.254 /public/home/twentynineteen/img/loading.gif
INFO: [ app_init ] --START--
INFO: Run Behavior\BuildLiteBehavior [ RunTime:0.000015s ]
INFO: Run Common\Behavior\InitHookBehavior [ RunTime:0.001814s ]
INFO: [ app_init ] --END-- [ RunTime:0.001934s ]
ERR: 无法加载模块:Public

[ 2021-01-09T22:20:06+08:00 ] 112.65.12.254 /public/home/twentynineteen/js/airtracking.js
INFO: [ app_init ] --START--
INFO: Run Behavior\BuildLiteBehavior [ RunTime:0.000021s ]
INFO: Run Common\Behavior\InitHookBehavior [ RunTime:0.007473s ]
INFO: [ app_init ] --END-- [ RunTime:0.007654s ]
ERR: 无法加载模块:Public

[ 2021-01-09T22:20:06+08:00 ] 112.65.12.254 /public/home/twentynineteen/css/airtracking.css
INFO: [ app_init ] --START--
INFO: Run Behavior\BuildLiteBehavior [ RunTime:0.000019s ]
INFO: Run Common\Behavior\InitHookBehavior [ RunTime:0.008573s ]
INFO: [ app_init ] --END-- [ RunTime:0.008710s ]
ERR: 无法加载模块:Public

[ 2021-01-09T22:20:06+08:00 ] 112.65.12.254 /public/home/twentynineteen/js/jquery-2.0.3.min.js
INFO: [ app_init ] --START--
INFO: Run Behavior\BuildLiteBehavior [ RunTime:0.000017s ]
INFO: Run Common\Behavior\InitHookBehavior [ RunTime:0.007683s ]
INFO: [ app_init ] --END-- [ RunTime:0.011946s ]
ERR: 无法加载模块:Public

[ 2021-01-09T22:20:07+08:00 ] 112.65.12.254 /public/home/twentynineteen/js/airtracking.js
INFO: [ app_init ] --START--
INFO: Run Behavior\BuildLiteBehavior [ RunTime:0.000020s ]
INFO: Run Common\Behavior\InitHookBehavior [ RunTime:0.005107s ]
INFO: [ app_init ] --END-- [ RunTime:0.005259s ]
ERR: 无法加载模块:Public

[ 2021-01-09T22:20:07+08:00 ] 112.65.12.254 /public/home/twentynineteen/img/loading.gif
INFO: [ app_init ] --START--
INFO: Run Behavior\BuildLiteBehavior [ RunTime:0.000018s ]
INFO: Run Common\Behavior\InitHookBehavior [ RunTime:0.006406s ]
INFO: [ app_init ] --END-- [ RunTime:0.006557s ]
ERR: 无法加载模块:Public

[ 2021-01-09T22:21:55+08:00 ] 112.65.12.254 /public/home/twentynineteen/js/jquery-2.0.3.min.js
INFO: [ app_init ] --START--
INFO: Run Behavior\BuildLiteBehavior [ RunTime:0.000016s ]
INFO: Run Common\Behavior\InitHookBehavior [ RunTime:0.006294s ]
INFO: [ app_init ] --END-- [ RunTime:0.006402s ]
ERR: 无法加载模块:Public

[ 2021-01-09T22:21:55+08:00 ] 112.65.12.254 /public/home/twentynineteen/css/airtracking.css
INFO: [ app_init ] --START--
INFO: Run Behavior\BuildLiteBehavior [ RunTime:0.000015s ]
INFO: Run Common\Behavior\InitHookBehavior [ RunTime:0.006555s ]
INFO: [ app_init ] --END-- [ RunTime:0.006658s ]
ERR: 无法加载模块:Public

[ 2021-01-09T22:21:55+08:00 ] 112.65.12.254 /public/home/twentynineteen/js/airtracking.js
INFO: [ app_init ] --START--
INFO: Run Behavior\BuildLiteBehavior [ RunTime:0.000013s ]
INFO: Run Common\Behavior\InitHookBehavior [ RunTime:0.008904s ]
INFO: [ app_init ] --END-- [ RunTime:0.009011s ]
ERR: 无法加载模块:Public

[ 2021-01-09T22:21:55+08:00 ] 112.65.12.254 /public/home/twentynineteen/img/loading.gif
INFO: [ app_init ] --START--
INFO: Run Behavior\BuildLiteBehavior [ RunTime:0.000013s ]
INFO: Run Common\Behavior\InitHookBehavior [ RunTime:0.001669s ]
INFO: [ app_init ] --END-- [ RunTime:0.001766s ]
ERR: 无法加载模块:Public

[ 2021-01-09T22:22:00+08:00 ] 112.65.12.254 /public/home/twentynineteen/js/jquery-2.0.3.min.js
INFO: [ app_init ] --START--
INFO: Run Behavior\BuildLiteBehavior [ RunTime:0.000014s ]
INFO: Run Common\Behavior\InitHookBehavior [ RunTime:0.005863s ]
INFO: [ app_init ] --END-- [ RunTime:0.005977s ]
ERR: 无法加载模块:Public

[ 2021-01-09T22:22:00+08:00 ] 112.65.12.254 /public/home/twentynineteen/js/airtracking.js
INFO: [ app_init ] --START--
INFO: Run Behavior\BuildLiteBehavior [ RunTime:0.000016s ]
INFO: Run Common\Behavior\InitHookBehavior [ RunTime:0.008285s ]
INFO: [ app_init ] --END-- [ RunTime:0.008412s ]
ERR: 无法加载模块:Public

[ 2021-01-09T22:22:00+08:00 ] 112.65.12.254 /public/home/twentynineteen/css/airtracking.css
INFO: [ app_init ] --START--
INFO: Run Behavior\BuildLiteBehavior [ RunTime:0.000014s ]
INFO: Run Common\Behavior\InitHookBehavior [ RunTime:0.001746s ]
INFO: [ app_init ] --END-- [ RunTime:0.001851s ]
ERR: 无法加载模块:Public

[ 2021-01-09T22:22:01+08:00 ] 112.65.12.254 /public/home/twentynineteen/js/airtracking.js
INFO: [ app_init ] --START--
INFO: Run Behavior\BuildLiteBehavior [ RunTime:0.000015s ]
INFO: Run Common\Behavior\InitHookBehavior [ RunTime:0.001670s ]
INFO: [ app_init ] --END-- [ RunTime:0.001776s ]
ERR: 无法加载模块:Public

[ 2021-01-09T22:22:01+08:00 ] 112.65.12.254 /public/home/twentynineteen/img/loading.gif
INFO: [ app_init ] --START--
INFO: Run Behavior\BuildLiteBehavior [ RunTime:0.000013s ]
INFO: Run Common\Behavior\InitHookBehavior [ RunTime:0.001781s ]
INFO: [ app_init ] --END-- [ RunTime:0.005916s ]
ERR: 无法加载模块:Public

[ 2021-01-09T22:22:03+08:00 ] 112.65.12.254 /public/home/twentynineteen/js/airtracking.js
INFO: [ app_init ] --START--
INFO: Run Behavior\BuildLiteBehavior [ RunTime:0.000029s ]
INFO: Run Common\Behavior\InitHookBehavior [ RunTime:0.010532s ]
INFO: [ app_init ] --END-- [ RunTime:0.018511s ]
ERR: 无法加载模块:Public

[ 2021-01-09T22:22:03+08:00 ] 112.65.12.254 /public/home/twentynineteen/js/jquery-2.0.3.min.js
INFO: [ app_init ] --START--
INFO: Run Behavior\BuildLiteBehavior [ RunTime:0.000018s ]
INFO: Run Common\Behavior\InitHookBehavior [ RunTime:0.001788s ]
INFO: [ app_init ] --END-- [ RunTime:0.006933s ]
ERR: 无法加载模块:Public

[ 2021-01-09T22:22:03+08:00 ] 112.65.12.254 /public/home/twentynineteen/css/airtracking.css
INFO: [ app_init ] --START--
INFO: Run Behavior\BuildLiteBehavior [ RunTime:0.000016s ]
INFO: Run Common\Behavior\InitHookBehavior [ RunTime:0.001723s ]
INFO: [ app_init ] --END-- [ RunTime:0.001831s ]
ERR: 无法加载模块:Public

[ 2021-01-09T22:22:03+08:00 ] 112.65.12.254 /public/home/twentynineteen/img/loading.gif
INFO: [ app_init ] --START--
INFO: Run Behavior\BuildLiteBehavior [ RunTime:0.000016s ]
INFO: Run Common\Behavior\InitHookBehavior [ RunTime:0.004384s ]
INFO: [ app_init ] --END-- [ RunTime:0.004505s ]
ERR: 无法加载模块:Public

[ 2021-01-09T22:22:03+08:00 ] 112.65.12.254 /public/home/twentynineteen/js/airtracking.js
INFO: [ app_init ] --START--
INFO: Run Behavior\BuildLiteBehavior [ RunTime:0.000015s ]
INFO: Run Common\Behavior\InitHookBehavior [ RunTime:0.001694s ]
INFO: [ app_init ] --END-- [ RunTime:0.001798s ]
ERR: 无法加载模块:Public

[ 2021-01-09T22:22:05+08:00 ] 112.65.12.254 /public/home/twentynineteen/js/jquery-2.0.3.min.js
INFO: [ app_init ] --START--
INFO: Run Behavior\BuildLiteBehavior [ RunTime:0.000014s ]
INFO: Run Common\Behavior\InitHookBehavior [ RunTime:0.006423s ]
INFO: [ app_init ] --END-- [ RunTime:0.006536s ]
ERR: 无法加载模块:Public

[ 2021-01-09T22:22:05+08:00 ] 112.65.12.254 /public/home/twentynineteen/css/airtracking.css
INFO: [ app_init ] --START--
INFO: Run Behavior\BuildLiteBehavior [ RunTime:0.000013s ]
INFO: Run Common\Behavior\InitHookBehavior [ RunTime:0.005799s ]
INFO: [ app_init ] --END-- [ RunTime:0.005926s ]
ERR: 无法加载模块:Public

[ 2021-01-09T22:22:05+08:00 ] 112.65.12.254 /public/home/twentynineteen/js/airtracking.js
INFO: [ app_init ] --START--
INFO: Run Behavior\BuildLiteBehavior [ RunTime:0.000024s ]
INFO: Run Common\Behavior\InitHookBehavior [ RunTime:0.001923s ]
INFO: [ app_init ] --END-- [ RunTime:0.002053s ]
ERR: 无法加载模块:Public

[ 2021-01-09T22:22:05+08:00 ] 112.65.12.254 /public/home/twentynineteen/img/loading.gif
INFO: [ app_init ] --START--
INFO: Run Behavior\BuildLiteBehavior [ RunTime:0.000018s ]
INFO: Run Common\Behavior\InitHookBehavior [ RunTime:0.002801s ]
INFO: [ app_init ] --END-- [ RunTime:0.002958s ]
ERR: 无法加载模块:Public

[ 2021-01-09T22:23:03+08:00 ] 112.65.12.254 /public/home/twentynineteen/js/jquery-2.0.3.min.js
INFO: [ app_init ] --START--
INFO: Run Behavior\BuildLiteBehavior [ RunTime:0.000013s ]
INFO: Run Common\Behavior\InitHookBehavior [ RunTime:0.001671s ]
INFO: [ app_init ] --END-- [ RunTime:0.001770s ]
ERR: 无法加载模块:Public

[ 2021-01-09T22:23:03+08:00 ] 112.65.12.254 /public/home/twentynineteen/css/airtracking.css
INFO: [ app_init ] --START--
INFO: Run Behavior\BuildLiteBehavior [ RunTime:0.000015s ]
INFO: Run Common\Behavior\InitHookBehavior [ RunTime:0.005722s ]
INFO: [ app_init ] --END-- [ RunTime:0.005838s ]
ERR: 无法加载模块:Public

[ 2021-01-09T22:23:03+08:00 ] 112.65.12.254 /public/home/twentynineteen/js/airtracking.js
INFO: [ app_init ] --START--
INFO: Run Behavior\BuildLiteBehavior [ RunTime:0.000015s ]
INFO: Run Common\Behavior\InitHookBehavior [ RunTime:0.001778s ]
INFO: [ app_init ] --END-- [ RunTime:0.001884s ]
ERR: 无法加载模块:Public

[ 2021-01-09T22:23:03+08:00 ] 112.65.12.254 /public/home/twentynineteen/img/loading.gif
INFO: [ app_init ] --START--
INFO: Run Behavior\BuildLiteBehavior [ RunTime:0.000013s ]
INFO: Run Common\Behavior\InitHookBehavior [ RunTime:0.001615s ]
INFO: [ app_init ] --END-- [ RunTime:0.001710s ]
ERR: 无法加载模块:Public

[ 2021-01-09T22:24:43+08:00 ] 112.65.12.254 /public/home/twentynineteen/css/airtracking.css
INFO: [ app_init ] --START--
INFO: Run Behavior\BuildLiteBehavior [ RunTime:0.000015s ]
INFO: Run Common\Behavior\InitHookBehavior [ RunTime:0.005822s ]
INFO: [ app_init ] --END-- [ RunTime:0.005937s ]
ERR: 无法加载模块:Public

[ 2021-01-09T22:24:43+08:00 ] 112.65.12.254 /public/home/twentynineteen/js/jquery-2.0.3.min.js
INFO: [ app_init ] --START--
INFO: Run Behavior\BuildLiteBehavior [ RunTime:0.000015s ]
INFO: Run Common\Behavior\InitHookBehavior [ RunTime:0.005438s ]
INFO: [ app_init ] --END-- [ RunTime:0.005545s ]
ERR: 无法加载模块:Public

[ 2021-01-09T22:24:43+08:00 ] 112.65.12.254 /public/home/twentynineteen/js/airtracking.js
INFO: [ app_init ] --START--
INFO: Run Behavior\BuildLiteBehavior [ RunTime:0.000014s ]
INFO: Run Common\Behavior\InitHookBehavior [ RunTime:0.001632s ]
INFO: [ app_init ] --END-- [ RunTime:0.001731s ]
ERR: 无法加载模块:Public

[ 2021-01-09T22:24:43+08:00 ] 112.65.12.254 /public/home/twentynineteen/img/loading.gif
INFO: [ app_init ] --START--
INFO: Run Behavior\BuildLiteBehavior [ RunTime:0.000017s ]
INFO: Run Common\Behavior\InitHookBehavior [ RunTime:0.001783s ]
INFO: [ app_init ] --END-- [ RunTime:0.001901s ]
ERR: 无法加载模块:Public

[ 2021-01-09T22:25:31+08:00 ] 112.65.12.254 /public/home/twentynineteen/css/airtracking.css
INFO: [ app_init ] --START--
INFO: Run Behavior\BuildLiteBehavior [ RunTime:0.000016s ]
INFO: Run Common\Behavior\InitHookBehavior [ RunTime:0.007775s ]
INFO: [ app_init ] --END-- [ RunTime:0.007903s ]
ERR: 无法加载模块:Public

[ 2021-01-09T22:25:31+08:00 ] 112.65.12.254 /public/home/twentynineteen/js/jquery-2.0.3.min.js
INFO: [ app_init ] --START--
INFO: Run Behavior\BuildLiteBehavior [ RunTime:0.000015s ]
INFO: Run Common\Behavior\InitHookBehavior [ RunTime:0.006863s ]
INFO: [ app_init ] --END-- [ RunTime:0.006981s ]
ERR: 无法加载模块:Public

[ 2021-01-09T22:25:31+08:00 ] 112.65.12.254 /public/home/twentynineteen/js/airtracking.js
INFO: [ app_init ] --START--
INFO: Run Behavior\BuildLiteBehavior [ RunTime:0.000017s ]
INFO: Run Common\Behavior\InitHookBehavior [ RunTime:0.001716s ]
INFO: [ app_init ] --END-- [ RunTime:0.001842s ]
ERR: 无法加载模块:Public

[ 2021-01-09T22:25:31+08:00 ] 112.65.12.254 /public/home/twentynineteen/img/loading.gif
INFO: [ app_init ] --START--
INFO: Run Behavior\BuildLiteBehavior [ RunTime:0.000016s ]
INFO: Run Common\Behavior\InitHookBehavior [ RunTime:0.002529s ]
INFO: [ app_init ] --END-- [ RunTime:0.002648s ]
ERR: 无法加载模块:Public

[ 2021-01-09T22:36:26+08:00 ] 112.65.12.254 /public/home/twentynineteen/js/jquery-2.0.3.min.js
INFO: [ app_init ] --START--
INFO: Run Behavior\BuildLiteBehavior [ RunTime:0.000012s ]
INFO: Run Common\Behavior\InitHookBehavior [ RunTime:0.005514s ]
INFO: [ app_init ] --END-- [ RunTime:0.005609s ]
ERR: 无法加载模块:Public

[ 2021-01-09T22:36:26+08:00 ] 112.65.12.254 /public/home/twentynineteen/css/airtracking.css
INFO: [ app_init ] --START--
INFO: Run Behavior\BuildLiteBehavior [ RunTime:0.000015s ]
INFO: Run Common\Behavior\InitHookBehavior [ RunTime:0.010165s ]
INFO: [ app_init ] --END-- [ RunTime:0.010275s ]
ERR: 无法加载模块:Public

[ 2021-01-09T22:36:26+08:00 ] 112.65.12.254 /public/home/twentynineteen/js/airtracking.js
INFO: [ app_init ] --START--
INFO: Run Behavior\BuildLiteBehavior [ RunTime:0.000015s ]
INFO: Run Common\Behavior\InitHookBehavior [ RunTime:0.001685s ]
INFO: [ app_init ] --END-- [ RunTime:0.001790s ]
ERR: 无法加载模块:Public

[ 2021-01-09T22:36:26+08:00 ] 112.65.12.254 /public/home/twentynineteen/js/jquery-2.0.3.min.js
INFO: [ app_init ] --START--
INFO: Run Behavior\BuildLiteBehavior [ RunTime:0.000014s ]
INFO: Run Common\Behavior\InitHookBehavior [ RunTime:0.007784s ]
INFO: [ app_init ] --END-- [ RunTime:0.007921s ]
ERR: 无法加载模块:Public

[ 2021-01-09T22:36:26+08:00 ] 112.65.12.254 /public/home/twentynineteen/css/airtracking.css
INFO: [ app_init ] --START--
INFO: Run Behavior\BuildLiteBehavior [ RunTime:0.006036s ]
INFO: Run Common\Behavior\InitHookBehavior [ RunTime:0.008261s ]
INFO: [ app_init ] --END-- [ RunTime:0.014413s ]
ERR: 无法加载模块:Public

[ 2021-01-09T22:36:27+08:00 ] 112.65.12.254 /public/home/twentynineteen/img/loading.gif
INFO: [ app_init ] --START--
INFO: Run Behavior\BuildLiteBehavior [ RunTime:0.000017s ]
INFO: Run Common\Behavior\InitHookBehavior [ RunTime:0.004747s ]
INFO: [ app_init ] --END-- [ RunTime:0.004866s ]
ERR: 无法加载模块:Public

[ 2021-01-09T22:36:27+08:00 ] 112.65.12.254 /public/home/twentynineteen/js/airtracking.js
INFO: [ app_init ] --START--
INFO: Run Behavior\BuildLiteBehavior [ RunTime:0.000012s ]
INFO: Run Common\Behavior\InitHookBehavior [ RunTime:0.001703s ]
INFO: [ app_init ] --END-- [ RunTime:0.001804s ]
ERR: 无法加载模块:Public

[ 2021-01-09T22:48:14+08:00 ] 42.120.74.190 /public/home/twentynineteen/css/airtracking.css
INFO: [ app_init ] --START--
INFO: Run Behavior\BuildLiteBehavior [ RunTime:0.000016s ]
INFO: Run Common\Behavior\InitHookBehavior [ RunTime:0.003610s ]
INFO: [ app_init ] --END-- [ RunTime:0.003717s ]
ERR: 无法加载模块:Public

[ 2021-01-09T22:48:14+08:00 ] 42.120.74.190 /public/home/twentynineteen/js/jquery-2.0.3.min.js
INFO: [ app_init ] --START--
INFO: Run Behavior\BuildLiteBehavior [ RunTime:0.000014s ]
INFO: Run Common\Behavior\InitHookBehavior [ RunTime:0.004381s ]
INFO: [ app_init ] --END-- [ RunTime:0.004492s ]
ERR: 无法加载模块:Public

[ 2021-01-09T22:48:14+08:00 ] 42.120.74.190 /public/home/twentynineteen/js/airtracking.js
INFO: [ app_init ] --START--
INFO: Run Behavior\BuildLiteBehavior [ RunTime:0.000013s ]
INFO: Run Common\Behavior\InitHookBehavior [ RunTime:0.001653s ]
INFO: [ app_init ] --END-- [ RunTime:0.001747s ]
ERR: 无法加载模块:Public

[ 2021-01-09T22:48:14+08:00 ] 42.120.74.190 /public/home/twentynineteen/img/loading.gif
INFO: [ app_init ] --START--
INFO: Run Behavior\BuildLiteBehavior [ RunTime:0.000015s ]
INFO: Run Common\Behavior\InitHookBehavior [ RunTime:0.001651s ]
INFO: [ app_init ] --END-- [ RunTime:0.001753s ]
ERR: 无法加载模块:Public

[ 2021-01-09T22:52:05+08:00 ] 112.65.12.254 /public/home/twentynineteen/js/jquery-2.0.3.min.js
INFO: [ app_init ] --START--
INFO: Run Behavior\BuildLiteBehavior [ RunTime:0.000015s ]
INFO: Run Common\Behavior\InitHookBehavior [ RunTime:0.011751s ]
INFO: [ app_init ] --END-- [ RunTime:0.011878s ]
ERR: 无法加载模块:Public

[ 2021-01-09T22:52:05+08:00 ] 112.65.12.254 /public/home/twentynineteen/css/airtracking.css
INFO: [ app_init ] --START--
INFO: Run Behavior\BuildLiteBehavior [ RunTime:0.000015s ]
INFO: Run Common\Behavior\InitHookBehavior [ RunTime:0.005872s ]
INFO: [ app_init ] --END-- [ RunTime:0.005985s ]
ERR: 无法加载模块:Public

[ 2021-01-09T22:52:05+08:00 ] 112.65.12.254 /public/home/twentynineteen/js/airtracking.js
INFO: [ app_init ] --START--
INFO: Run Behavior\BuildLiteBehavior [ RunTime:0.000014s ]
INFO: Run Common\Behavior\InitHookBehavior [ RunTime:0.001804s ]
INFO: [ app_init ] --END-- [ RunTime:0.001921s ]
ERR: 无法加载模块:Public

[ 2021-01-09T22:52:05+08:00 ] 112.65.12.254 /public/home/twentynineteen/img/loading.gif
INFO: [ app_init ] --START--
INFO: Run Behavior\BuildLiteBehavior [ RunTime:0.000015s ]
INFO: Run Common\Behavior\InitHookBehavior [ RunTime:0.001674s ]
INFO: [ app_init ] --END-- [ RunTime:0.001781s ]
ERR: 无法加载模块:Public

[ 2021-01-09T22:52:11+08:00 ] 112.65.12.254 /public/home/twentynineteen/css/airtracking.css
INFO: [ app_init ] --START--
INFO: Run Behavior\BuildLiteBehavior [ RunTime:0.000015s ]
INFO: Run Common\Behavior\InitHookBehavior [ RunTime:0.006768s ]
INFO: [ app_init ] --END-- [ RunTime:0.006875s ]
ERR: 无法加载模块:Public

[ 2021-01-09T22:52:11+08:00 ] 112.65.12.254 /public/home/twentynineteen/js/airtracking.js
INFO: [ app_init ] --START--
INFO: Run Behavior\BuildLiteBehavior [ RunTime:0.000011s ]
INFO: Run Common\Behavior\InitHookBehavior [ RunTime:0.005790s ]
INFO: [ app_init ] --END-- [ RunTime:0.005883s ]
ERR: 无法加载模块:Public

[ 2021-01-09T22:52:11+08:00 ] 112.65.12.254 /public/home/twentynineteen/js/jquery-2.0.3.min.js
INFO: [ app_init ] --START--
INFO: Run Behavior\BuildLiteBehavior [ RunTime:0.000012s ]
INFO: Run Common\Behavior\InitHookBehavior [ RunTime:0.005731s ]
INFO: [ app_init ] --END-- [ RunTime:0.005830s ]
ERR: 无法加载模块:Public

[ 2021-01-09T22:52:11+08:00 ] 112.65.12.254 /public/home/twentynineteen/img/loading.gif
INFO: [ app_init ] --START--
INFO: Run Behavior\BuildLiteBehavior [ RunTime:0.000014s ]
INFO: Run Common\Behavior\InitHookBehavior [ RunTime:0.001789s ]
INFO: [ app_init ] --END-- [ RunTime:0.001905s ]
ERR: 无法加载模块:Public

[ 2021-01-09T22:52:31+08:00 ] 112.65.12.254 /public/home/twentynineteen/css/airtracking.css
INFO: [ app_init ] --START--
INFO: Run Behavior\BuildLiteBehavior [ RunTime:0.000020s ]
INFO: Run Common\Behavior\InitHookBehavior [ RunTime:0.006487s ]
INFO: [ app_init ] --END-- [ RunTime:0.006636s ]
ERR: 无法加载模块:Public

[ 2021-01-09T22:52:31+08:00 ] 112.65.12.254 /public/home/twentynineteen/js/jquery-2.0.3.min.js
INFO: [ app_init ] --START--
INFO: Run Behavior\BuildLiteBehavior [ RunTime:0.000017s ]
INFO: Run Common\Behavior\InitHookBehavior [ RunTime:0.007582s ]
INFO: [ app_init ] --END-- [ RunTime:0.007731s ]
ERR: 无法加载模块:Public

[ 2021-01-09T22:52:31+08:00 ] 112.65.12.254 /public/home/twentynineteen/js/airtracking.js
INFO: [ app_init ] --START--
INFO: Run Behavior\BuildLiteBehavior [ RunTime:0.000020s ]
INFO: Run Common\Behavior\InitHookBehavior [ RunTime:0.002400s ]
INFO: [ app_init ] --END-- [ RunTime:0.002540s ]
ERR: 无法加载模块:Public

[ 2021-01-09T22:52:31+08:00 ] 112.65.12.254 /public/home/twentynineteen/img/loading.gif
INFO: [ app_init ] --START--
INFO: Run Behavior\BuildLiteBehavior [ RunTime:0.000018s ]
INFO: Run Common\Behavior\InitHookBehavior [ RunTime:0.002378s ]
INFO: [ app_init ] --END-- [ RunTime:0.002530s ]
ERR: 无法加载模块:Public

[ 2021-01-09T22:57:40+08:00 ] 112.65.12.254 /public/home/twentynineteen/css/airtracking.css
INFO: [ app_init ] --START--
INFO: Run Behavior\BuildLiteBehavior [ RunTime:0.000016s ]
INFO: Run Common\Behavior\InitHookBehavior [ RunTime:0.005993s ]
INFO: [ app_init ] --END-- [ RunTime:0.006115s ]
ERR: 无法加载模块:Public

[ 2021-01-09T22:57:40+08:00 ] 112.65.12.254 /public/home/twentynineteen/js/jquery-2.0.3.min.js
INFO: [ app_init ] --START--
INFO: Run Behavior\BuildLiteBehavior [ RunTime:0.000017s ]
INFO: Run Common\Behavior\InitHookBehavior [ RunTime:0.006964s ]
INFO: [ app_init ] --END-- [ RunTime:0.007110s ]
ERR: 无法加载模块:Public

[ 2021-01-09T22:57:40+08:00 ] 112.65.12.254 /public/home/twentynineteen/js/airtracking.js
INFO: [ app_init ] --START--
INFO: Run Behavior\BuildLiteBehavior [ RunTime:0.000014s ]
INFO: Run Common\Behavior\InitHookBehavior [ RunTime:0.001719s ]
INFO: [ app_init ] --END-- [ RunTime:0.001825s ]
ERR: 无法加载模块:Public

[ 2021-01-09T22:57:40+08:00 ] 112.65.12.254 /public/home/twentynineteen/img/loading.gif
INFO: [ app_init ] --START--
INFO: Run Behavior\BuildLiteBehavior [ RunTime:0.000014s ]
INFO: Run Common\Behavior\InitHookBehavior [ RunTime:0.001676s ]
INFO: [ app_init ] --END-- [ RunTime:0.001773s ]
ERR: 无法加载模块:Public

