[ 2021-01-15T16:33:39+08:00 ] 101.224.225.13 /admin.php?s=/fly/tedite.html
INFO: [ app_init ] --START--
INFO: Run Behavior\BuildLiteBehavior [ RunTime:0.000013s ]
INFO: Run Common\Behavior\InitHookBehavior [ RunTime:0.001095s ]
INFO: [ app_init ] --END-- [ RunTime:0.001199s ]
INFO: [ app_begin ] --START--
INFO: Run Behavior\ReadHtmlCacheBehavior [ RunTime:0.000348s ]
INFO: [ app_begin ] --END-- [ RunTime:0.000390s ]
SQL: SHOW COLUMNS FROM `lovevi_menu` [ RunTime:0.0035s ]
SQL: SELECT `id`,`title`,`url` FROM `lovevi_menu` WHERE `pid` = 0 AND `hide` = 0 ORDER BY sort asc  [ RunTime:0.0030s ]
SQL: SELECT `pid` FROM `lovevi_menu` WHERE ( pid !=0 AND url like '%Fly/tedite%' ) LIMIT 1   [ RunTime:0.0030s ]
SQL: SELECT * FROM `lovevi_menu` WHERE `id` = 174 LIMIT 1   [ RunTime:0.0030s ]
SQL: SELECT * FROM `lovevi_menu` WHERE `id` = 165 LIMIT 1   [ RunTime:0.0029s ]
SQL: SELECT DISTINCT  `group` FROM `lovevi_menu` WHERE `group` <> '' AND `pid` = 165  [ RunTime:0.0030s ]
SQL: SELECT `id`,`url` FROM `lovevi_menu` WHERE `pid` = 165 AND `hide` = 0  [ RunTime:0.0030s ]
SQL: SELECT `id`,`pid`,`title`,`url`,`tip` FROM `lovevi_menu` WHERE `group` = '运价管理' AND `pid` = 165 AND `hide` = 0 ORDER BY sort asc  [ RunTime:0.0029s ]
SQL: SELECT `id`,`pid`,`title`,`url`,`tip` FROM `lovevi_menu` WHERE `group` = '航线' AND `pid` = 165 AND `hide` = 0 ORDER BY sort asc  [ RunTime:0.0029s ]
SQL: SELECT `id`,`pid`,`title`,`url`,`tip` FROM `lovevi_menu` WHERE `group` = '空运工具' AND `pid` = 165 AND `hide` = 0 ORDER BY sort asc  [ RunTime:0.0030s ]
SQL: SELECT `id`,`pid`,`title`,`url`,`tip` FROM `lovevi_menu` WHERE `group` = '类别' AND `pid` = 165 AND `hide` = 0 ORDER BY sort asc  [ RunTime:0.0030s ]
SQL: SHOW COLUMNS FROM `lovevi_threecode` [ RunTime:0.0035s ]
SQL: INSERT INTO `lovevi_threecode` (`city`,`threecode`,`tag`,`airport`,`country`,`icao`,`quyu`,`shiqu`,`zhou`,`jitype`,`bank`,`id`,`time`) VALUES ('Bangkok 曼谷','BKK','1','Suvarnabhumi Bangkok International Airport 素万那普曼谷国际机场','Thailand 泰国 (TH)','VTBS','Bangkok 曼谷','+07:00','Asia','海关机场 城市代码','','0','1610699619') [ RunTime:0.0031s ]

[ 2021-01-15T16:33:41+08:00 ] 101.224.225.13 /admin.php?s=/fly/tedite.html
INFO: [ app_init ] --START--
INFO: Run Behavior\BuildLiteBehavior [ RunTime:0.000014s ]
INFO: Run Common\Behavior\InitHookBehavior [ RunTime:0.001491s ]
INFO: [ app_init ] --END-- [ RunTime:0.001652s ]
INFO: [ app_begin ] --START--
INFO: Run Behavior\ReadHtmlCacheBehavior [ RunTime:0.000364s ]
INFO: [ app_begin ] --END-- [ RunTime:0.000407s ]
SQL: SHOW COLUMNS FROM `lovevi_menu` [ RunTime:0.0038s ]
SQL: SELECT `id`,`title`,`url` FROM `lovevi_menu` WHERE `pid` = 0 AND `hide` = 0 ORDER BY sort asc  [ RunTime:0.0033s ]
SQL: SELECT `pid` FROM `lovevi_menu` WHERE ( pid !=0 AND url like '%Fly/tedite%' ) LIMIT 1   [ RunTime:0.0032s ]
SQL: SELECT * FROM `lovevi_menu` WHERE `id` = 174 LIMIT 1   [ RunTime:0.0032s ]
SQL: SELECT * FROM `lovevi_menu` WHERE `id` = 165 LIMIT 1   [ RunTime:0.0032s ]
SQL: SELECT DISTINCT  `group` FROM `lovevi_menu` WHERE `group` <> '' AND `pid` = 165  [ RunTime:0.0032s ]
SQL: SELECT `id`,`url` FROM `lovevi_menu` WHERE `pid` = 165 AND `hide` = 0  [ RunTime:0.0032s ]
SQL: SELECT `id`,`pid`,`title`,`url`,`tip` FROM `lovevi_menu` WHERE `group` = '运价管理' AND `pid` = 165 AND `hide` = 0 ORDER BY sort asc  [ RunTime:0.0032s ]
SQL: SELECT `id`,`pid`,`title`,`url`,`tip` FROM `lovevi_menu` WHERE `group` = '航线' AND `pid` = 165 AND `hide` = 0 ORDER BY sort asc  [ RunTime:0.0032s ]
SQL: SELECT `id`,`pid`,`title`,`url`,`tip` FROM `lovevi_menu` WHERE `group` = '空运工具' AND `pid` = 165 AND `hide` = 0 ORDER BY sort asc  [ RunTime:0.0032s ]
SQL: SELECT `id`,`pid`,`title`,`url`,`tip` FROM `lovevi_menu` WHERE `group` = '类别' AND `pid` = 165 AND `hide` = 0 ORDER BY sort asc  [ RunTime:0.0032s ]
SQL: SHOW COLUMNS FROM `lovevi_threecode` [ RunTime:0.0038s ]
SQL: SELECT * FROM `lovevi_threecode` WHERE ( id=0 ) LIMIT 1   [ RunTime:0.0034s ]
INFO: [ view_parse ] --START--
INFO: [ template_filter ] --START--
INFO: Run Behavior\ContentReplaceBehavior [ RunTime:0.000090s ]
INFO: [ template_filter ] --END-- [ RunTime:0.000133s ]
NOTIC: [8] Undefined variable: meta_title /data/home/byu7397920001/htdocs/Runtime/Cache/Admin/2e34b7c23c0ef32f4334c5dea0cdd987.php 第 5 行.
NOTIC: [8] Use of undefined constant LOVEVI_VERSION - assumed 'LOVEVI_VERSION' /data/home/byu7397920001/htdocs/Runtime/Cache/Admin/2e34b7c23c0ef32f4334c5dea0cdd987.php 第 205 行.
INFO: Run Behavior\ParseTemplateBehavior [ RunTime:0.011426s ]
INFO: [ view_parse ] --END-- [ RunTime:0.011459s ]
INFO: [ view_filter ] --START--
INFO: Run Behavior\WriteHtmlCacheBehavior [ RunTime:0.000172s ]
INFO: [ view_filter ] --END-- [ RunTime:0.000199s ]
INFO: [ app_end ] --START--
INFO: Run Behavior\ShowPageTraceBehavior [ RunTime:0.000427s ]
INFO: [ app_end ] --END-- [ RunTime:0.000457s ]

[ 2021-01-15T16:39:11+08:00 ] 101.224.225.13 /admin.php?s=/fly/company.html
INFO: [ app_init ] --START--
INFO: Run Behavior\BuildLiteBehavior [ RunTime:0.000013s ]
INFO: Run Common\Behavior\InitHookBehavior [ RunTime:0.001010s ]
INFO: [ app_init ] --END-- [ RunTime:0.001112s ]
INFO: [ app_begin ] --START--
INFO: Run Behavior\ReadHtmlCacheBehavior [ RunTime:0.000347s ]
INFO: [ app_begin ] --END-- [ RunTime:0.000387s ]
SQL: SHOW COLUMNS FROM `lovevi_menu` [ RunTime:0.0037s ]
SQL: SELECT `id`,`title`,`url` FROM `lovevi_menu` WHERE `pid` = 0 AND `hide` = 0 ORDER BY sort asc  [ RunTime:0.0034s ]
SQL: SELECT `pid` FROM `lovevi_menu` WHERE ( pid !=0 AND url like '%Fly/company%' ) LIMIT 1   [ RunTime:0.0033s ]
SQL: SELECT * FROM `lovevi_menu` WHERE `id` = 165 LIMIT 1   [ RunTime:0.0031s ]
SQL: SELECT DISTINCT  `group` FROM `lovevi_menu` WHERE `group` <> '' AND `pid` = 165  [ RunTime:0.0033s ]
SQL: SELECT `id`,`url` FROM `lovevi_menu` WHERE `pid` = 165 AND `hide` = 0  [ RunTime:0.0032s ]
SQL: SELECT `id`,`pid`,`title`,`url`,`tip` FROM `lovevi_menu` WHERE `group` = '运价管理' AND `pid` = 165 AND `hide` = 0 ORDER BY sort asc  [ RunTime:0.0034s ]
SQL: SELECT `id`,`pid`,`title`,`url`,`tip` FROM `lovevi_menu` WHERE `group` = '航线' AND `pid` = 165 AND `hide` = 0 ORDER BY sort asc  [ RunTime:0.0033s ]
SQL: SELECT `id`,`pid`,`title`,`url`,`tip` FROM `lovevi_menu` WHERE `group` = '空运工具' AND `pid` = 165 AND `hide` = 0 ORDER BY sort asc  [ RunTime:0.0033s ]
SQL: SELECT `id`,`pid`,`title`,`url`,`tip` FROM `lovevi_menu` WHERE `group` = '类别' AND `pid` = 165 AND `hide` = 0 ORDER BY sort asc  [ RunTime:0.0033s ]
SQL: SHOW COLUMNS FROM `lovevi_company` [ RunTime:0.0034s ]
SQL: SELECT * FROM `lovevi_company` WHERE `isdel` = 0 ORDER BY sort asc LIMIT 0,20   [ RunTime:0.0033s ]
SQL: SELECT COUNT(*) AS tp_count FROM `lovevi_company` WHERE `isdel` = 0 LIMIT 1   [ RunTime:0.0032s ]
INFO: [ view_parse ] --START--
INFO: [ template_filter ] --START--
INFO: Run Behavior\ContentReplaceBehavior [ RunTime:0.000101s ]
INFO: [ template_filter ] --END-- [ RunTime:0.000160s ]
NOTIC: [8] Undefined variable: meta_title /data/home/byu7397920001/htdocs/Runtime/Cache/Admin/62883f0cc26a9e009c2cf2bd816f42e8.php 第 5 行.
NOTIC: [8] Undefined index: pic /data/home/byu7397920001/htdocs/Runtime/Cache/Admin/62883f0cc26a9e009c2cf2bd816f42e8.php 第 121 行.
NOTIC: [8] Undefined index: pic /data/home/byu7397920001/htdocs/Runtime/Cache/Admin/62883f0cc26a9e009c2cf2bd816f42e8.php 第 121 行.
NOTIC: [8] Undefined index: pic /data/home/byu7397920001/htdocs/Runtime/Cache/Admin/62883f0cc26a9e009c2cf2bd816f42e8.php 第 121 行.
NOTIC: [8] Undefined index: pic /data/home/byu7397920001/htdocs/Runtime/Cache/Admin/62883f0cc26a9e009c2cf2bd816f42e8.php 第 121 行.
NOTIC: [8] Undefined index: pic /data/home/byu7397920001/htdocs/Runtime/Cache/Admin/62883f0cc26a9e009c2cf2bd816f42e8.php 第 121 行.
NOTIC: [8] Undefined index: pic /data/home/byu7397920001/htdocs/Runtime/Cache/Admin/62883f0cc26a9e009c2cf2bd816f42e8.php 第 121 行.
NOTIC: [8] Undefined index: pic /data/home/byu7397920001/htdocs/Runtime/Cache/Admin/62883f0cc26a9e009c2cf2bd816f42e8.php 第 121 行.
NOTIC: [8] Undefined index: pic /data/home/byu7397920001/htdocs/Runtime/Cache/Admin/62883f0cc26a9e009c2cf2bd816f42e8.php 第 121 行.
NOTIC: [8] Undefined index: pic /data/home/byu7397920001/htdocs/Runtime/Cache/Admin/62883f0cc26a9e009c2cf2bd816f42e8.php 第 121 行.
NOTIC: [8] Undefined index: pic /data/home/byu7397920001/htdocs/Runtime/Cache/Admin/62883f0cc26a9e009c2cf2bd816f42e8.php 第 121 行.
NOTIC: [8] Undefined index: pic /data/home/byu7397920001/htdocs/Runtime/Cache/Admin/62883f0cc26a9e009c2cf2bd816f42e8.php 第 121 行.
NOTIC: [8] Undefined index: pic /data/home/byu7397920001/htdocs/Runtime/Cache/Admin/62883f0cc26a9e009c2cf2bd816f42e8.php 第 121 行.
NOTIC: [8] Undefined index: pic /data/home/byu7397920001/htdocs/Runtime/Cache/Admin/62883f0cc26a9e009c2cf2bd816f42e8.php 第 121 行.
NOTIC: [8] Undefined index: pic /data/home/byu7397920001/htdocs/Runtime/Cache/Admin/62883f0cc26a9e009c2cf2bd816f42e8.php 第 121 行.
NOTIC: [8] Undefined index: pic /data/home/byu7397920001/htdocs/Runtime/Cache/Admin/62883f0cc26a9e009c2cf2bd816f42e8.php 第 121 行.
NOTIC: [8] Undefined index: pic /data/home/byu7397920001/htdocs/Runtime/Cache/Admin/62883f0cc26a9e009c2cf2bd816f42e8.php 第 121 行.
NOTIC: [8] Undefined index: pic /data/home/byu7397920001/htdocs/Runtime/Cache/Admin/62883f0cc26a9e009c2cf2bd816f42e8.php 第 121 行.
NOTIC: [8] Undefined index: pic /data/home/byu7397920001/htdocs/Runtime/Cache/Admin/62883f0cc26a9e009c2cf2bd816f42e8.php 第 121 行.
NOTIC: [8] Undefined index: pic /data/home/byu7397920001/htdocs/Runtime/Cache/Admin/62883f0cc26a9e009c2cf2bd816f42e8.php 第 121 行.
NOTIC: [8] Undefined index: pic /data/home/byu7397920001/htdocs/Runtime/Cache/Admin/62883f0cc26a9e009c2cf2bd816f42e8.php 第 121 行.
NOTIC: [8] Use of undefined constant LOVEVI_VERSION - assumed 'LOVEVI_VERSION' /data/home/byu7397920001/htdocs/Runtime/Cache/Admin/62883f0cc26a9e009c2cf2bd816f42e8.php 第 147 行.
INFO: Run Behavior\ParseTemplateBehavior [ RunTime:0.011362s ]
INFO: [ view_parse ] --END-- [ RunTime:0.011401s ]
INFO: [ view_filter ] --START--
INFO: Run Behavior\WriteHtmlCacheBehavior [ RunTime:0.000146s ]
INFO: [ view_filter ] --END-- [ RunTime:0.000172s ]
INFO: [ app_end ] --START--
INFO: Run Behavior\ShowPageTraceBehavior [ RunTime:0.000399s ]
INFO: [ app_end ] --END-- [ RunTime:0.000428s ]

[ 2021-01-15T16:39:16+08:00 ] 101.224.225.13 /admin.php?s=/Fly/company/p/3.html
INFO: [ app_init ] --START--
INFO: Run Behavior\BuildLiteBehavior [ RunTime:0.000013s ]
INFO: Run Common\Behavior\InitHookBehavior [ RunTime:0.001121s ]
INFO: [ app_init ] --END-- [ RunTime:0.001216s ]
INFO: [ app_begin ] --START--
INFO: Run Behavior\ReadHtmlCacheBehavior [ RunTime:0.000346s ]
INFO: [ app_begin ] --END-- [ RunTime:0.000384s ]
SQL: SHOW COLUMNS FROM `lovevi_menu` [ RunTime:0.0034s ]
SQL: SELECT `id`,`title`,`url` FROM `lovevi_menu` WHERE `pid` = 0 AND `hide` = 0 ORDER BY sort asc  [ RunTime:0.0028s ]
SQL: SELECT `pid` FROM `lovevi_menu` WHERE ( pid !=0 AND url like '%Fly/company%' ) LIMIT 1   [ RunTime:0.0028s ]
SQL: SELECT * FROM `lovevi_menu` WHERE `id` = 165 LIMIT 1   [ RunTime:0.0028s ]
SQL: SELECT DISTINCT  `group` FROM `lovevi_menu` WHERE `group` <> '' AND `pid` = 165  [ RunTime:0.0028s ]
SQL: SELECT `id`,`url` FROM `lovevi_menu` WHERE `pid` = 165 AND `hide` = 0  [ RunTime:0.0028s ]
SQL: SELECT `id`,`pid`,`title`,`url`,`tip` FROM `lovevi_menu` WHERE `group` = '运价管理' AND `pid` = 165 AND `hide` = 0 ORDER BY sort asc  [ RunTime:0.0028s ]
SQL: SELECT `id`,`pid`,`title`,`url`,`tip` FROM `lovevi_menu` WHERE `group` = '航线' AND `pid` = 165 AND `hide` = 0 ORDER BY sort asc  [ RunTime:0.0028s ]
SQL: SELECT `id`,`pid`,`title`,`url`,`tip` FROM `lovevi_menu` WHERE `group` = '空运工具' AND `pid` = 165 AND `hide` = 0 ORDER BY sort asc  [ RunTime:0.0028s ]
SQL: SELECT `id`,`pid`,`title`,`url`,`tip` FROM `lovevi_menu` WHERE `group` = '类别' AND `pid` = 165 AND `hide` = 0 ORDER BY sort asc  [ RunTime:0.0028s ]
SQL: SHOW COLUMNS FROM `lovevi_company` [ RunTime:0.0034s ]
SQL: SELECT * FROM `lovevi_company` WHERE `isdel` = 0 ORDER BY sort asc LIMIT 40,20   [ RunTime:0.0031s ]
SQL: SELECT COUNT(*) AS tp_count FROM `lovevi_company` WHERE `isdel` = 0 LIMIT 1   [ RunTime:0.0028s ]
INFO: [ view_parse ] --START--
INFO: [ template_filter ] --START--
INFO: Run Behavior\ContentReplaceBehavior [ RunTime:0.000087s ]
INFO: [ template_filter ] --END-- [ RunTime:0.000129s ]
NOTIC: [8] Undefined variable: meta_title /data/home/byu7397920001/htdocs/Runtime/Cache/Admin/62883f0cc26a9e009c2cf2bd816f42e8.php 第 5 行.
NOTIC: [8] Undefined index: pic /data/home/byu7397920001/htdocs/Runtime/Cache/Admin/62883f0cc26a9e009c2cf2bd816f42e8.php 第 121 行.
NOTIC: [8] Undefined index: pic /data/home/byu7397920001/htdocs/Runtime/Cache/Admin/62883f0cc26a9e009c2cf2bd816f42e8.php 第 121 行.
NOTIC: [8] Undefined index: pic /data/home/byu7397920001/htdocs/Runtime/Cache/Admin/62883f0cc26a9e009c2cf2bd816f42e8.php 第 121 行.
NOTIC: [8] Undefined index: pic /data/home/byu7397920001/htdocs/Runtime/Cache/Admin/62883f0cc26a9e009c2cf2bd816f42e8.php 第 121 行.
NOTIC: [8] Undefined index: pic /data/home/byu7397920001/htdocs/Runtime/Cache/Admin/62883f0cc26a9e009c2cf2bd816f42e8.php 第 121 行.
NOTIC: [8] Undefined index: pic /data/home/byu7397920001/htdocs/Runtime/Cache/Admin/62883f0cc26a9e009c2cf2bd816f42e8.php 第 121 行.
NOTIC: [8] Undefined index: pic /data/home/byu7397920001/htdocs/Runtime/Cache/Admin/62883f0cc26a9e009c2cf2bd816f42e8.php 第 121 行.
NOTIC: [8] Undefined index: pic /data/home/byu7397920001/htdocs/Runtime/Cache/Admin/62883f0cc26a9e009c2cf2bd816f42e8.php 第 121 行.
NOTIC: [8] Undefined index: pic /data/home/byu7397920001/htdocs/Runtime/Cache/Admin/62883f0cc26a9e009c2cf2bd816f42e8.php 第 121 行.
NOTIC: [8] Undefined index: pic /data/home/byu7397920001/htdocs/Runtime/Cache/Admin/62883f0cc26a9e009c2cf2bd816f42e8.php 第 121 行.
NOTIC: [8] Undefined index: pic /data/home/byu7397920001/htdocs/Runtime/Cache/Admin/62883f0cc26a9e009c2cf2bd816f42e8.php 第 121 行.
NOTIC: [8] Undefined index: pic /data/home/byu7397920001/htdocs/Runtime/Cache/Admin/62883f0cc26a9e009c2cf2bd816f42e8.php 第 121 行.
NOTIC: [8] Undefined index: pic /data/home/byu7397920001/htdocs/Runtime/Cache/Admin/62883f0cc26a9e009c2cf2bd816f42e8.php 第 121 行.
NOTIC: [8] Undefined index: pic /data/home/byu7397920001/htdocs/Runtime/Cache/Admin/62883f0cc26a9e009c2cf2bd816f42e8.php 第 121 行.
NOTIC: [8] Undefined index: pic /data/home/byu7397920001/htdocs/Runtime/Cache/Admin/62883f0cc26a9e009c2cf2bd816f42e8.php 第 121 行.
NOTIC: [8] Use of undefined constant LOVEVI_VERSION - assumed 'LOVEVI_VERSION' /data/home/byu7397920001/htdocs/Runtime/Cache/Admin/62883f0cc26a9e009c2cf2bd816f42e8.php 第 147 行.
INFO: Run Behavior\ParseTemplateBehavior [ RunTime:0.012306s ]
INFO: [ view_parse ] --END-- [ RunTime:0.012344s ]
INFO: [ view_filter ] --START--
INFO: Run Behavior\WriteHtmlCacheBehavior [ RunTime:0.000141s ]
INFO: [ view_filter ] --END-- [ RunTime:0.000161s ]
INFO: [ app_end ] --START--
INFO: Run Behavior\ShowPageTraceBehavior [ RunTime:0.000877s ]
INFO: [ app_end ] --END-- [ RunTime:0.000908s ]

[ 2021-01-15T16:39:21+08:00 ] 101.224.225.13 /admin.php?s=/Fly/company/p/1.html
INFO: [ app_init ] --START--
INFO: Run Behavior\BuildLiteBehavior [ RunTime:0.000014s ]
INFO: Run Common\Behavior\InitHookBehavior [ RunTime:0.001132s ]
INFO: [ app_init ] --END-- [ RunTime:0.001236s ]
INFO: [ app_begin ] --START--
INFO: Run Behavior\ReadHtmlCacheBehavior [ RunTime:0.000394s ]
INFO: [ app_begin ] --END-- [ RunTime:0.000435s ]
SQL: SHOW COLUMNS FROM `lovevi_menu` [ RunTime:0.0040s ]
SQL: SELECT `id`,`title`,`url` FROM `lovevi_menu` WHERE `pid` = 0 AND `hide` = 0 ORDER BY sort asc  [ RunTime:0.0034s ]
SQL: SELECT `pid` FROM `lovevi_menu` WHERE ( pid !=0 AND url like '%Fly/company%' ) LIMIT 1   [ RunTime:0.0034s ]
SQL: SELECT * FROM `lovevi_menu` WHERE `id` = 165 LIMIT 1   [ RunTime:0.0034s ]
SQL: SELECT DISTINCT  `group` FROM `lovevi_menu` WHERE `group` <> '' AND `pid` = 165  [ RunTime:0.0034s ]
SQL: SELECT `id`,`url` FROM `lovevi_menu` WHERE `pid` = 165 AND `hide` = 0  [ RunTime:0.0034s ]
SQL: SELECT `id`,`pid`,`title`,`url`,`tip` FROM `lovevi_menu` WHERE `group` = '运价管理' AND `pid` = 165 AND `hide` = 0 ORDER BY sort asc  [ RunTime:0.0034s ]
SQL: SELECT `id`,`pid`,`title`,`url`,`tip` FROM `lovevi_menu` WHERE `group` = '航线' AND `pid` = 165 AND `hide` = 0 ORDER BY sort asc  [ RunTime:0.0034s ]
SQL: SELECT `id`,`pid`,`title`,`url`,`tip` FROM `lovevi_menu` WHERE `group` = '空运工具' AND `pid` = 165 AND `hide` = 0 ORDER BY sort asc  [ RunTime:0.0034s ]
SQL: SELECT `id`,`pid`,`title`,`url`,`tip` FROM `lovevi_menu` WHERE `group` = '类别' AND `pid` = 165 AND `hide` = 0 ORDER BY sort asc  [ RunTime:0.0034s ]
SQL: SHOW COLUMNS FROM `lovevi_company` [ RunTime:0.0039s ]
SQL: SELECT * FROM `lovevi_company` WHERE `isdel` = 0 ORDER BY sort asc LIMIT 0,20   [ RunTime:0.0034s ]
SQL: SELECT COUNT(*) AS tp_count FROM `lovevi_company` WHERE `isdel` = 0 LIMIT 1   [ RunTime:0.0034s ]
INFO: [ view_parse ] --START--
INFO: [ template_filter ] --START--
INFO: Run Behavior\ContentReplaceBehavior [ RunTime:0.000147s ]
INFO: [ template_filter ] --END-- [ RunTime:0.000200s ]
NOTIC: [8] Undefined variable: meta_title /data/home/byu7397920001/htdocs/Runtime/Cache/Admin/62883f0cc26a9e009c2cf2bd816f42e8.php 第 5 行.
NOTIC: [8] Undefined index: pic /data/home/byu7397920001/htdocs/Runtime/Cache/Admin/62883f0cc26a9e009c2cf2bd816f42e8.php 第 121 行.
NOTIC: [8] Undefined index: pic /data/home/byu7397920001/htdocs/Runtime/Cache/Admin/62883f0cc26a9e009c2cf2bd816f42e8.php 第 121 行.
NOTIC: [8] Undefined index: pic /data/home/byu7397920001/htdocs/Runtime/Cache/Admin/62883f0cc26a9e009c2cf2bd816f42e8.php 第 121 行.
NOTIC: [8] Undefined index: pic /data/home/byu7397920001/htdocs/Runtime/Cache/Admin/62883f0cc26a9e009c2cf2bd816f42e8.php 第 121 行.
NOTIC: [8] Undefined index: pic /data/home/byu7397920001/htdocs/Runtime/Cache/Admin/62883f0cc26a9e009c2cf2bd816f42e8.php 第 121 行.
NOTIC: [8] Undefined index: pic /data/home/byu7397920001/htdocs/Runtime/Cache/Admin/62883f0cc26a9e009c2cf2bd816f42e8.php 第 121 行.
NOTIC: [8] Undefined index: pic /data/home/byu7397920001/htdocs/Runtime/Cache/Admin/62883f0cc26a9e009c2cf2bd816f42e8.php 第 121 行.
NOTIC: [8] Undefined index: pic /data/home/byu7397920001/htdocs/Runtime/Cache/Admin/62883f0cc26a9e009c2cf2bd816f42e8.php 第 121 行.
NOTIC: [8] Undefined index: pic /data/home/byu7397920001/htdocs/Runtime/Cache/Admin/62883f0cc26a9e009c2cf2bd816f42e8.php 第 121 行.
NOTIC: [8] Undefined index: pic /data/home/byu7397920001/htdocs/Runtime/Cache/Admin/62883f0cc26a9e009c2cf2bd816f42e8.php 第 121 行.
NOTIC: [8] Undefined index: pic /data/home/byu7397920001/htdocs/Runtime/Cache/Admin/62883f0cc26a9e009c2cf2bd816f42e8.php 第 121 行.
NOTIC: [8] Undefined index: pic /data/home/byu7397920001/htdocs/Runtime/Cache/Admin/62883f0cc26a9e009c2cf2bd816f42e8.php 第 121 行.
NOTIC: [8] Undefined index: pic /data/home/byu7397920001/htdocs/Runtime/Cache/Admin/62883f0cc26a9e009c2cf2bd816f42e8.php 第 121 行.
NOTIC: [8] Undefined index: pic /data/home/byu7397920001/htdocs/Runtime/Cache/Admin/62883f0cc26a9e009c2cf2bd816f42e8.php 第 121 行.
NOTIC: [8] Undefined index: pic /data/home/byu7397920001/htdocs/Runtime/Cache/Admin/62883f0cc26a9e009c2cf2bd816f42e8.php 第 121 行.
NOTIC: [8] Undefined index: pic /data/home/byu7397920001/htdocs/Runtime/Cache/Admin/62883f0cc26a9e009c2cf2bd816f42e8.php 第 121 行.
NOTIC: [8] Undefined index: pic /data/home/byu7397920001/htdocs/Runtime/Cache/Admin/62883f0cc26a9e009c2cf2bd816f42e8.php 第 121 行.
NOTIC: [8] Undefined index: pic /data/home/byu7397920001/htdocs/Runtime/Cache/Admin/62883f0cc26a9e009c2cf2bd816f42e8.php 第 121 行.
NOTIC: [8] Undefined index: pic /data/home/byu7397920001/htdocs/Runtime/Cache/Admin/62883f0cc26a9e009c2cf2bd816f42e8.php 第 121 行.
NOTIC: [8] Undefined index: pic /data/home/byu7397920001/htdocs/Runtime/Cache/Admin/62883f0cc26a9e009c2cf2bd816f42e8.php 第 121 行.
NOTIC: [8] Use of undefined constant LOVEVI_VERSION - assumed 'LOVEVI_VERSION' /data/home/byu7397920001/htdocs/Runtime/Cache/Admin/62883f0cc26a9e009c2cf2bd816f42e8.php 第 147 行.
INFO: Run Behavior\ParseTemplateBehavior [ RunTime:0.011850s ]
INFO: [ view_parse ] --END-- [ RunTime:0.011888s ]
INFO: [ view_filter ] --START--
INFO: Run Behavior\WriteHtmlCacheBehavior [ RunTime:0.000159s ]
INFO: [ view_filter ] --END-- [ RunTime:0.000187s ]
INFO: [ app_end ] --START--
INFO: Run Behavior\ShowPageTraceBehavior [ RunTime:0.000399s ]
INFO: [ app_end ] --END-- [ RunTime:0.000426s ]

[ 2021-01-15T16:39:31+08:00 ] 101.224.225.13 /admin.php?s=/Fly/company/p/2.html
INFO: [ app_init ] --START--
INFO: Run Behavior\BuildLiteBehavior [ RunTime:0.000013s ]
INFO: Run Common\Behavior\InitHookBehavior [ RunTime:0.001061s ]
INFO: [ app_init ] --END-- [ RunTime:0.001163s ]
INFO: [ app_begin ] --START--
INFO: Run Behavior\ReadHtmlCacheBehavior [ RunTime:0.000347s ]
INFO: [ app_begin ] --END-- [ RunTime:0.000386s ]
SQL: SHOW COLUMNS FROM `lovevi_menu` [ RunTime:0.0032s ]
SQL: SELECT `id`,`title`,`url` FROM `lovevi_menu` WHERE `pid` = 0 AND `hide` = 0 ORDER BY sort asc  [ RunTime:0.0026s ]
SQL: SELECT `pid` FROM `lovevi_menu` WHERE ( pid !=0 AND url like '%Fly/company%' ) LIMIT 1   [ RunTime:0.0026s ]
SQL: SELECT * FROM `lovevi_menu` WHERE `id` = 165 LIMIT 1   [ RunTime:0.0026s ]
SQL: SELECT DISTINCT  `group` FROM `lovevi_menu` WHERE `group` <> '' AND `pid` = 165  [ RunTime:0.0026s ]
SQL: SELECT `id`,`url` FROM `lovevi_menu` WHERE `pid` = 165 AND `hide` = 0  [ RunTime:0.0027s ]
SQL: SELECT `id`,`pid`,`title`,`url`,`tip` FROM `lovevi_menu` WHERE `group` = '运价管理' AND `pid` = 165 AND `hide` = 0 ORDER BY sort asc  [ RunTime:0.0026s ]
SQL: SELECT `id`,`pid`,`title`,`url`,`tip` FROM `lovevi_menu` WHERE `group` = '航线' AND `pid` = 165 AND `hide` = 0 ORDER BY sort asc  [ RunTime:0.0026s ]
SQL: SELECT `id`,`pid`,`title`,`url`,`tip` FROM `lovevi_menu` WHERE `group` = '空运工具' AND `pid` = 165 AND `hide` = 0 ORDER BY sort asc  [ RunTime:0.0026s ]
SQL: SELECT `id`,`pid`,`title`,`url`,`tip` FROM `lovevi_menu` WHERE `group` = '类别' AND `pid` = 165 AND `hide` = 0 ORDER BY sort asc  [ RunTime:0.0026s ]
SQL: SHOW COLUMNS FROM `lovevi_company` [ RunTime:0.0031s ]
SQL: SELECT * FROM `lovevi_company` WHERE `isdel` = 0 ORDER BY sort asc LIMIT 20,20   [ RunTime:0.0029s ]
SQL: SELECT COUNT(*) AS tp_count FROM `lovevi_company` WHERE `isdel` = 0 LIMIT 1   [ RunTime:0.0026s ]
INFO: [ view_parse ] --START--
INFO: [ template_filter ] --START--
INFO: Run Behavior\ContentReplaceBehavior [ RunTime:0.000102s ]
INFO: [ template_filter ] --END-- [ RunTime:0.000152s ]
NOTIC: [8] Undefined variable: meta_title /data/home/byu7397920001/htdocs/Runtime/Cache/Admin/62883f0cc26a9e009c2cf2bd816f42e8.php 第 5 行.
NOTIC: [8] Undefined index: pic /data/home/byu7397920001/htdocs/Runtime/Cache/Admin/62883f0cc26a9e009c2cf2bd816f42e8.php 第 121 行.
NOTIC: [8] Undefined index: pic /data/home/byu7397920001/htdocs/Runtime/Cache/Admin/62883f0cc26a9e009c2cf2bd816f42e8.php 第 121 行.
NOTIC: [8] Undefined index: pic /data/home/byu7397920001/htdocs/Runtime/Cache/Admin/62883f0cc26a9e009c2cf2bd816f42e8.php 第 121 行.
NOTIC: [8] Undefined index: pic /data/home/byu7397920001/htdocs/Runtime/Cache/Admin/62883f0cc26a9e009c2cf2bd816f42e8.php 第 121 行.
NOTIC: [8] Undefined index: pic /data/home/byu7397920001/htdocs/Runtime/Cache/Admin/62883f0cc26a9e009c2cf2bd816f42e8.php 第 121 行.
NOTIC: [8] Undefined index: pic /data/home/byu7397920001/htdocs/Runtime/Cache/Admin/62883f0cc26a9e009c2cf2bd816f42e8.php 第 121 行.
NOTIC: [8] Undefined index: pic /data/home/byu7397920001/htdocs/Runtime/Cache/Admin/62883f0cc26a9e009c2cf2bd816f42e8.php 第 121 行.
NOTIC: [8] Undefined index: pic /data/home/byu7397920001/htdocs/Runtime/Cache/Admin/62883f0cc26a9e009c2cf2bd816f42e8.php 第 121 行.
NOTIC: [8] Undefined index: pic /data/home/byu7397920001/htdocs/Runtime/Cache/Admin/62883f0cc26a9e009c2cf2bd816f42e8.php 第 121 行.
NOTIC: [8] Undefined index: pic /data/home/byu7397920001/htdocs/Runtime/Cache/Admin/62883f0cc26a9e009c2cf2bd816f42e8.php 第 121 行.
NOTIC: [8] Undefined index: pic /data/home/byu7397920001/htdocs/Runtime/Cache/Admin/62883f0cc26a9e009c2cf2bd816f42e8.php 第 121 行.
NOTIC: [8] Undefined index: pic /data/home/byu7397920001/htdocs/Runtime/Cache/Admin/62883f0cc26a9e009c2cf2bd816f42e8.php 第 121 行.
NOTIC: [8] Undefined index: pic /data/home/byu7397920001/htdocs/Runtime/Cache/Admin/62883f0cc26a9e009c2cf2bd816f42e8.php 第 121 行.
NOTIC: [8] Undefined index: pic /data/home/byu7397920001/htdocs/Runtime/Cache/Admin/62883f0cc26a9e009c2cf2bd816f42e8.php 第 121 行.
NOTIC: [8] Undefined index: pic /data/home/byu7397920001/htdocs/Runtime/Cache/Admin/62883f0cc26a9e009c2cf2bd816f42e8.php 第 121 行.
NOTIC: [8] Undefined index: pic /data/home/byu7397920001/htdocs/Runtime/Cache/Admin/62883f0cc26a9e009c2cf2bd816f42e8.php 第 121 行.
NOTIC: [8] Undefined index: pic /data/home/byu7397920001/htdocs/Runtime/Cache/Admin/62883f0cc26a9e009c2cf2bd816f42e8.php 第 121 行.
NOTIC: [8] Undefined index: pic /data/home/byu7397920001/htdocs/Runtime/Cache/Admin/62883f0cc26a9e009c2cf2bd816f42e8.php 第 121 行.
NOTIC: [8] Undefined index: pic /data/home/byu7397920001/htdocs/Runtime/Cache/Admin/62883f0cc26a9e009c2cf2bd816f42e8.php 第 121 行.
NOTIC: [8] Undefined index: pic /data/home/byu7397920001/htdocs/Runtime/Cache/Admin/62883f0cc26a9e009c2cf2bd816f42e8.php 第 121 行.
NOTIC: [8] Use of undefined constant LOVEVI_VERSION - assumed 'LOVEVI_VERSION' /data/home/byu7397920001/htdocs/Runtime/Cache/Admin/62883f0cc26a9e009c2cf2bd816f42e8.php 第 147 行.
INFO: Run Behavior\ParseTemplateBehavior [ RunTime:0.011664s ]
INFO: [ view_parse ] --END-- [ RunTime:0.011705s ]
INFO: [ view_filter ] --START--
INFO: Run Behavior\WriteHtmlCacheBehavior [ RunTime:0.000147s ]
INFO: [ view_filter ] --END-- [ RunTime:0.000173s ]
INFO: [ app_end ] --START--
INFO: Run Behavior\ShowPageTraceBehavior [ RunTime:0.000380s ]
INFO: [ app_end ] --END-- [ RunTime:0.000449s ]

[ 2021-01-15T16:39:38+08:00 ] 101.224.225.13 /admin.php?s=/Fly/company/p/3.html
INFO: [ app_init ] --START--
INFO: Run Behavior\BuildLiteBehavior [ RunTime:0.000015s ]
INFO: Run Common\Behavior\InitHookBehavior [ RunTime:0.001035s ]
INFO: [ app_init ] --END-- [ RunTime:0.001157s ]
INFO: [ app_begin ] --START--
INFO: Run Behavior\ReadHtmlCacheBehavior [ RunTime:0.000399s ]
INFO: [ app_begin ] --END-- [ RunTime:0.000438s ]
SQL: SHOW COLUMNS FROM `lovevi_menu` [ RunTime:0.0033s ]
SQL: SELECT `id`,`title`,`url` FROM `lovevi_menu` WHERE `pid` = 0 AND `hide` = 0 ORDER BY sort asc  [ RunTime:0.0029s ]
SQL: SELECT `pid` FROM `lovevi_menu` WHERE ( pid !=0 AND url like '%Fly/company%' ) LIMIT 1   [ RunTime:0.0029s ]
SQL: SELECT * FROM `lovevi_menu` WHERE `id` = 165 LIMIT 1   [ RunTime:0.0029s ]
SQL: SELECT DISTINCT  `group` FROM `lovevi_menu` WHERE `group` <> '' AND `pid` = 165  [ RunTime:0.0029s ]
SQL: SELECT `id`,`url` FROM `lovevi_menu` WHERE `pid` = 165 AND `hide` = 0  [ RunTime:0.0029s ]
SQL: SELECT `id`,`pid`,`title`,`url`,`tip` FROM `lovevi_menu` WHERE `group` = '运价管理' AND `pid` = 165 AND `hide` = 0 ORDER BY sort asc  [ RunTime:0.0029s ]
SQL: SELECT `id`,`pid`,`title`,`url`,`tip` FROM `lovevi_menu` WHERE `group` = '航线' AND `pid` = 165 AND `hide` = 0 ORDER BY sort asc  [ RunTime:0.0029s ]
SQL: SELECT `id`,`pid`,`title`,`url`,`tip` FROM `lovevi_menu` WHERE `group` = '空运工具' AND `pid` = 165 AND `hide` = 0 ORDER BY sort asc  [ RunTime:0.0029s ]
SQL: SELECT `id`,`pid`,`title`,`url`,`tip` FROM `lovevi_menu` WHERE `group` = '类别' AND `pid` = 165 AND `hide` = 0 ORDER BY sort asc  [ RunTime:0.0031s ]
SQL: SHOW COLUMNS FROM `lovevi_company` [ RunTime:0.0032s ]
SQL: SELECT * FROM `lovevi_company` WHERE `isdel` = 0 ORDER BY sort asc LIMIT 40,20   [ RunTime:0.0029s ]
SQL: SELECT COUNT(*) AS tp_count FROM `lovevi_company` WHERE `isdel` = 0 LIMIT 1   [ RunTime:0.0029s ]
INFO: [ view_parse ] --START--
INFO: [ template_filter ] --START--
INFO: Run Behavior\ContentReplaceBehavior [ RunTime:0.000085s ]
INFO: [ template_filter ] --END-- [ RunTime:0.000130s ]
NOTIC: [8] Undefined variable: meta_title /data/home/byu7397920001/htdocs/Runtime/Cache/Admin/62883f0cc26a9e009c2cf2bd816f42e8.php 第 5 行.
NOTIC: [8] Undefined index: pic /data/home/byu7397920001/htdocs/Runtime/Cache/Admin/62883f0cc26a9e009c2cf2bd816f42e8.php 第 121 行.
NOTIC: [8] Undefined index: pic /data/home/byu7397920001/htdocs/Runtime/Cache/Admin/62883f0cc26a9e009c2cf2bd816f42e8.php 第 121 行.
NOTIC: [8] Undefined index: pic /data/home/byu7397920001/htdocs/Runtime/Cache/Admin/62883f0cc26a9e009c2cf2bd816f42e8.php 第 121 行.
NOTIC: [8] Undefined index: pic /data/home/byu7397920001/htdocs/Runtime/Cache/Admin/62883f0cc26a9e009c2cf2bd816f42e8.php 第 121 行.
NOTIC: [8] Undefined index: pic /data/home/byu7397920001/htdocs/Runtime/Cache/Admin/62883f0cc26a9e009c2cf2bd816f42e8.php 第 121 行.
NOTIC: [8] Undefined index: pic /data/home/byu7397920001/htdocs/Runtime/Cache/Admin/62883f0cc26a9e009c2cf2bd816f42e8.php 第 121 行.
NOTIC: [8] Undefined index: pic /data/home/byu7397920001/htdocs/Runtime/Cache/Admin/62883f0cc26a9e009c2cf2bd816f42e8.php 第 121 行.
NOTIC: [8] Undefined index: pic /data/home/byu7397920001/htdocs/Runtime/Cache/Admin/62883f0cc26a9e009c2cf2bd816f42e8.php 第 121 行.
NOTIC: [8] Undefined index: pic /data/home/byu7397920001/htdocs/Runtime/Cache/Admin/62883f0cc26a9e009c2cf2bd816f42e8.php 第 121 行.
NOTIC: [8] Undefined index: pic /data/home/byu7397920001/htdocs/Runtime/Cache/Admin/62883f0cc26a9e009c2cf2bd816f42e8.php 第 121 行.
NOTIC: [8] Undefined index: pic /data/home/byu7397920001/htdocs/Runtime/Cache/Admin/62883f0cc26a9e009c2cf2bd816f42e8.php 第 121 行.
NOTIC: [8] Undefined index: pic /data/home/byu7397920001/htdocs/Runtime/Cache/Admin/62883f0cc26a9e009c2cf2bd816f42e8.php 第 121 行.
NOTIC: [8] Undefined index: pic /data/home/byu7397920001/htdocs/Runtime/Cache/Admin/62883f0cc26a9e009c2cf2bd816f42e8.php 第 121 行.
NOTIC: [8] Undefined index: pic /data/home/byu7397920001/htdocs/Runtime/Cache/Admin/62883f0cc26a9e009c2cf2bd816f42e8.php 第 121 行.
NOTIC: [8] Undefined index: pic /data/home/byu7397920001/htdocs/Runtime/Cache/Admin/62883f0cc26a9e009c2cf2bd816f42e8.php 第 121 行.
NOTIC: [8] Use of undefined constant LOVEVI_VERSION - assumed 'LOVEVI_VERSION' /data/home/byu7397920001/htdocs/Runtime/Cache/Admin/62883f0cc26a9e009c2cf2bd816f42e8.php 第 147 行.
INFO: Run Behavior\ParseTemplateBehavior [ RunTime:0.011685s ]
INFO: [ view_parse ] --END-- [ RunTime:0.011723s ]
INFO: [ view_filter ] --START--
INFO: Run Behavior\WriteHtmlCacheBehavior [ RunTime:0.000143s ]
INFO: [ view_filter ] --END-- [ RunTime:0.000169s ]
INFO: [ app_end ] --START--
INFO: Run Behavior\ShowPageTraceBehavior [ RunTime:0.000430s ]
INFO: [ app_end ] --END-- [ RunTime:0.000460s ]

[ 2021-01-15T16:39:43+08:00 ] 101.224.225.13 /admin.php?s=/fly/ports.html
INFO: [ app_init ] --START--
INFO: Run Behavior\BuildLiteBehavior [ RunTime:0.000013s ]
INFO: Run Common\Behavior\InitHookBehavior [ RunTime:0.001090s ]
INFO: [ app_init ] --END-- [ RunTime:0.001191s ]
INFO: [ app_begin ] --START--
INFO: Run Behavior\ReadHtmlCacheBehavior [ RunTime:0.000344s ]
INFO: [ app_begin ] --END-- [ RunTime:0.000384s ]
SQL: SHOW COLUMNS FROM `lovevi_menu` [ RunTime:0.0037s ]
SQL: SELECT `id`,`title`,`url` FROM `lovevi_menu` WHERE `pid` = 0 AND `hide` = 0 ORDER BY sort asc  [ RunTime:0.0032s ]
SQL: SELECT `pid` FROM `lovevi_menu` WHERE ( pid !=0 AND url like '%Fly/ports%' ) LIMIT 1   [ RunTime:0.0035s ]
SQL: SELECT * FROM `lovevi_menu` WHERE `id` = 165 LIMIT 1   [ RunTime:0.0032s ]
SQL: SELECT DISTINCT  `group` FROM `lovevi_menu` WHERE `group` <> '' AND `pid` = 165  [ RunTime:0.0033s ]
SQL: SELECT `id`,`url` FROM `lovevi_menu` WHERE `pid` = 165 AND `hide` = 0  [ RunTime:0.0032s ]
SQL: SELECT `id`,`pid`,`title`,`url`,`tip` FROM `lovevi_menu` WHERE `group` = '运价管理' AND `pid` = 165 AND `hide` = 0 ORDER BY sort asc  [ RunTime:0.0032s ]
SQL: SELECT `id`,`pid`,`title`,`url`,`tip` FROM `lovevi_menu` WHERE `group` = '航线' AND `pid` = 165 AND `hide` = 0 ORDER BY sort asc  [ RunTime:0.0032s ]
SQL: SELECT `id`,`pid`,`title`,`url`,`tip` FROM `lovevi_menu` WHERE `group` = '空运工具' AND `pid` = 165 AND `hide` = 0 ORDER BY sort asc  [ RunTime:0.0032s ]
SQL: SELECT `id`,`pid`,`title`,`url`,`tip` FROM `lovevi_menu` WHERE `group` = '类别' AND `pid` = 165 AND `hide` = 0 ORDER BY sort asc  [ RunTime:0.0032s ]
SQL: SHOW COLUMNS FROM `lovevi_ports` [ RunTime:0.0037s ]
SQL: SELECT * FROM `lovevi_ports` WHERE `id` = 0 LIMIT 1   [ RunTime:0.0034s ]
SQL: SELECT * FROM `lovevi_ports` WHERE `isdel` = 0 AND `pid` = 0 ORDER BY sort asc LIMIT 0,20   [ RunTime:0.0034s ]
SQL: SELECT COUNT(*) AS tp_count FROM `lovevi_ports` WHERE `isdel` = 0 AND `pid` = 0 LIMIT 1   [ RunTime:0.0035s ]
INFO: [ view_parse ] --START--
INFO: [ template_filter ] --START--
INFO: Run Behavior\ContentReplaceBehavior [ RunTime:0.000096s ]
INFO: [ template_filter ] --END-- [ RunTime:0.000135s ]
NOTIC: [8] Undefined variable: meta_title /data/home/byu7397920001/htdocs/Runtime/Cache/Admin/3c53fcb7769f9c89efa0084c488e0c8f.php 第 5 行.
NOTIC: [8] Use of undefined constant LOVEVI_VERSION - assumed 'LOVEVI_VERSION' /data/home/byu7397920001/htdocs/Runtime/Cache/Admin/3c53fcb7769f9c89efa0084c488e0c8f.php 第 145 行.
INFO: Run Behavior\ParseTemplateBehavior [ RunTime:0.010292s ]
INFO: [ view_parse ] --END-- [ RunTime:0.010328s ]
INFO: [ view_filter ] --START--
INFO: Run Behavior\WriteHtmlCacheBehavior [ RunTime:0.000168s ]
INFO: [ view_filter ] --END-- [ RunTime:0.000192s ]
INFO: [ app_end ] --START--
INFO: Run Behavior\ShowPageTraceBehavior [ RunTime:0.000380s ]
INFO: [ app_end ] --END-- [ RunTime:0.000409s ]

[ 2021-01-15T16:39:46+08:00 ] 101.224.225.13 /admin.php?s=/fly/goodstype.html
INFO: [ app_init ] --START--
INFO: Run Behavior\BuildLiteBehavior [ RunTime:0.000013s ]
INFO: Run Common\Behavior\InitHookBehavior [ RunTime:0.001028s ]
INFO: [ app_init ] --END-- [ RunTime:0.001125s ]
INFO: [ app_begin ] --START--
INFO: Run Behavior\ReadHtmlCacheBehavior [ RunTime:0.000349s ]
INFO: [ app_begin ] --END-- [ RunTime:0.000391s ]
SQL: SHOW COLUMNS FROM `lovevi_menu` [ RunTime:0.0034s ]
SQL: SELECT `id`,`title`,`url` FROM `lovevi_menu` WHERE `pid` = 0 AND `hide` = 0 ORDER BY sort asc  [ RunTime:0.0028s ]
SQL: SELECT `pid` FROM `lovevi_menu` WHERE ( pid !=0 AND url like '%Fly/goodstype%' ) LIMIT 1   [ RunTime:0.0030s ]
SQL: SELECT * FROM `lovevi_menu` WHERE `id` = 165 LIMIT 1   [ RunTime:0.0028s ]
SQL: SELECT DISTINCT  `group` FROM `lovevi_menu` WHERE `group` <> '' AND `pid` = 165  [ RunTime:0.0027s ]
SQL: SELECT `id`,`url` FROM `lovevi_menu` WHERE `pid` = 165 AND `hide` = 0  [ RunTime:0.0028s ]
SQL: SELECT `id`,`pid`,`title`,`url`,`tip` FROM `lovevi_menu` WHERE `group` = '运价管理' AND `pid` = 165 AND `hide` = 0 ORDER BY sort asc  [ RunTime:0.0029s ]
SQL: SELECT `id`,`pid`,`title`,`url`,`tip` FROM `lovevi_menu` WHERE `group` = '航线' AND `pid` = 165 AND `hide` = 0 ORDER BY sort asc  [ RunTime:0.0028s ]
SQL: SELECT `id`,`pid`,`title`,`url`,`tip` FROM `lovevi_menu` WHERE `group` = '空运工具' AND `pid` = 165 AND `hide` = 0 ORDER BY sort asc  [ RunTime:0.0029s ]
SQL: SELECT `id`,`pid`,`title`,`url`,`tip` FROM `lovevi_menu` WHERE `group` = '类别' AND `pid` = 165 AND `hide` = 0 ORDER BY sort asc  [ RunTime:0.0032s ]
SQL: SHOW COLUMNS FROM `lovevi_goodstype` [ RunTime:0.0032s ]
SQL: SELECT * FROM `lovevi_goodstype` WHERE `isdel` = 0 ORDER BY sort asc LIMIT 0,20   [ RunTime:0.0031s ]
SQL: SELECT COUNT(*) AS tp_count FROM `lovevi_goodstype` WHERE `isdel` = 0 LIMIT 1   [ RunTime:0.0028s ]
INFO: [ view_parse ] --START--
INFO: [ template_filter ] --START--
INFO: Run Behavior\ContentReplaceBehavior [ RunTime:0.000137s ]
INFO: [ template_filter ] --END-- [ RunTime:0.000179s ]
NOTIC: [8] Undefined variable: meta_title /data/home/byu7397920001/htdocs/Runtime/Cache/Admin/b3acb1bcb366c6c12025e2dc32a23583.php 第 5 行.
NOTIC: [8] Use of undefined constant LOVEVI_VERSION - assumed 'LOVEVI_VERSION' /data/home/byu7397920001/htdocs/Runtime/Cache/Admin/b3acb1bcb366c6c12025e2dc32a23583.php 第 143 行.
INFO: Run Behavior\ParseTemplateBehavior [ RunTime:0.010311s ]
INFO: [ view_parse ] --END-- [ RunTime:0.010346s ]
INFO: [ view_filter ] --START--
INFO: Run Behavior\WriteHtmlCacheBehavior [ RunTime:0.000155s ]
INFO: [ view_filter ] --END-- [ RunTime:0.000177s ]
INFO: [ app_end ] --START--
INFO: Run Behavior\ShowPageTraceBehavior [ RunTime:0.000389s ]
INFO: [ app_end ] --END-- [ RunTime:0.000426s ]

[ 2021-01-15T16:39:52+08:00 ] 101.224.225.13 /admin.php?s=/fly/gtedite/id/4.html
INFO: [ app_init ] --START--
INFO: Run Behavior\BuildLiteBehavior [ RunTime:0.000014s ]
INFO: Run Common\Behavior\InitHookBehavior [ RunTime:0.001108s ]
INFO: [ app_init ] --END-- [ RunTime:0.001222s ]
INFO: [ app_begin ] --START--
INFO: Run Behavior\ReadHtmlCacheBehavior [ RunTime:0.000351s ]
INFO: [ app_begin ] --END-- [ RunTime:0.000391s ]
SQL: SHOW COLUMNS FROM `lovevi_menu` [ RunTime:0.0027s ]
SQL: SELECT `id`,`title`,`url` FROM `lovevi_menu` WHERE `pid` = 0 AND `hide` = 0 ORDER BY sort asc  [ RunTime:0.0024s ]
SQL: SELECT `pid` FROM `lovevi_menu` WHERE ( pid !=0 AND url like '%Fly/gtedite%' ) LIMIT 1   [ RunTime:0.0026s ]
SQL: SELECT * FROM `lovevi_menu` WHERE `id` = 183 LIMIT 1   [ RunTime:0.0025s ]
SQL: SELECT * FROM `lovevi_menu` WHERE `id` = 165 LIMIT 1   [ RunTime:0.0024s ]
SQL: SELECT DISTINCT  `group` FROM `lovevi_menu` WHERE `group` <> '' AND `pid` = 165  [ RunTime:0.0024s ]
SQL: SELECT `id`,`url` FROM `lovevi_menu` WHERE `pid` = 165 AND `hide` = 0  [ RunTime:0.0024s ]
SQL: SELECT `id`,`pid`,`title`,`url`,`tip` FROM `lovevi_menu` WHERE `group` = '运价管理' AND `pid` = 165 AND `hide` = 0 ORDER BY sort asc  [ RunTime:0.0024s ]
SQL: SELECT `id`,`pid`,`title`,`url`,`tip` FROM `lovevi_menu` WHERE `group` = '航线' AND `pid` = 165 AND `hide` = 0 ORDER BY sort asc  [ RunTime:0.0024s ]
SQL: SELECT `id`,`pid`,`title`,`url`,`tip` FROM `lovevi_menu` WHERE `group` = '空运工具' AND `pid` = 165 AND `hide` = 0 ORDER BY sort asc  [ RunTime:0.0024s ]
SQL: SELECT `id`,`pid`,`title`,`url`,`tip` FROM `lovevi_menu` WHERE `group` = '类别' AND `pid` = 165 AND `hide` = 0 ORDER BY sort asc  [ RunTime:0.0024s ]
SQL: SHOW COLUMNS FROM `lovevi_goodstype` [ RunTime:0.0028s ]
SQL: SELECT * FROM `lovevi_goodstype` WHERE ( id=4 ) LIMIT 1   [ RunTime:0.0026s ]
INFO: [ view_parse ] --START--
INFO: [ template_filter ] --START--
INFO: Run Behavior\ContentReplaceBehavior [ RunTime:0.000091s ]
INFO: [ template_filter ] --END-- [ RunTime:0.000128s ]
NOTIC: [8] Undefined variable: meta_title /data/home/byu7397920001/htdocs/Runtime/Cache/Admin/999a316d1d1dfe57137cb2d97e6e7d7c.php 第 5 行.
NOTIC: [8] Use of undefined constant LOVEVI_VERSION - assumed 'LOVEVI_VERSION' /data/home/byu7397920001/htdocs/Runtime/Cache/Admin/999a316d1d1dfe57137cb2d97e6e7d7c.php 第 190 行.
INFO: Run Behavior\ParseTemplateBehavior [ RunTime:0.009846s ]
INFO: [ view_parse ] --END-- [ RunTime:0.009885s ]
INFO: [ view_filter ] --START--
INFO: Run Behavior\WriteHtmlCacheBehavior [ RunTime:0.000131s ]
INFO: [ view_filter ] --END-- [ RunTime:0.000152s ]
INFO: [ app_end ] --START--
INFO: Run Behavior\ShowPageTraceBehavior [ RunTime:0.000359s ]
INFO: [ app_end ] --END-- [ RunTime:0.000387s ]

[ 2021-01-15T16:39:56+08:00 ] 101.224.225.13 /admin.php?s=/fly/threelist.html
INFO: [ app_init ] --START--
INFO: Run Behavior\BuildLiteBehavior [ RunTime:0.000013s ]
INFO: Run Common\Behavior\InitHookBehavior [ RunTime:0.001023s ]
INFO: [ app_init ] --END-- [ RunTime:0.001124s ]
INFO: [ app_begin ] --START--
INFO: Run Behavior\ReadHtmlCacheBehavior [ RunTime:0.000354s ]
INFO: [ app_begin ] --END-- [ RunTime:0.000393s ]
SQL: SHOW COLUMNS FROM `lovevi_menu` [ RunTime:0.0027s ]
SQL: SELECT `id`,`title`,`url` FROM `lovevi_menu` WHERE `pid` = 0 AND `hide` = 0 ORDER BY sort asc  [ RunTime:0.0022s ]
SQL: SELECT `pid` FROM `lovevi_menu` WHERE ( pid !=0 AND url like '%Fly/threelist%' ) LIMIT 1   [ RunTime:0.0025s ]
SQL: SELECT * FROM `lovevi_menu` WHERE `id` = 165 LIMIT 1   [ RunTime:0.0022s ]
SQL: SELECT DISTINCT  `group` FROM `lovevi_menu` WHERE `group` <> '' AND `pid` = 165  [ RunTime:0.0022s ]
SQL: SELECT `id`,`url` FROM `lovevi_menu` WHERE `pid` = 165 AND `hide` = 0  [ RunTime:0.0022s ]
SQL: SELECT `id`,`pid`,`title`,`url`,`tip` FROM `lovevi_menu` WHERE `group` = '运价管理' AND `pid` = 165 AND `hide` = 0 ORDER BY sort asc  [ RunTime:0.0026s ]
SQL: SELECT `id`,`pid`,`title`,`url`,`tip` FROM `lovevi_menu` WHERE `group` = '航线' AND `pid` = 165 AND `hide` = 0 ORDER BY sort asc  [ RunTime:0.0022s ]
SQL: SELECT `id`,`pid`,`title`,`url`,`tip` FROM `lovevi_menu` WHERE `group` = '空运工具' AND `pid` = 165 AND `hide` = 0 ORDER BY sort asc  [ RunTime:0.0022s ]
SQL: SELECT `id`,`pid`,`title`,`url`,`tip` FROM `lovevi_menu` WHERE `group` = '类别' AND `pid` = 165 AND `hide` = 0 ORDER BY sort asc  [ RunTime:0.0022s ]
SQL: SHOW COLUMNS FROM `lovevi_threecode` [ RunTime:0.0027s ]
SQL: SELECT * FROM `lovevi_threecode` WHERE `isdel` = 0 ORDER BY id desc LIMIT 0,20   [ RunTime:0.0024s ]
SQL: SELECT COUNT(*) AS tp_count FROM `lovevi_threecode` WHERE `isdel` = 0 LIMIT 1   [ RunTime:0.0025s ]
INFO: [ view_parse ] --START--
INFO: [ template_filter ] --START--
INFO: Run Behavior\ContentReplaceBehavior [ RunTime:0.000111s ]
INFO: [ template_filter ] --END-- [ RunTime:0.000148s ]
NOTIC: [8] Undefined variable: meta_title /data/home/byu7397920001/htdocs/Runtime/Cache/Admin/8af401a539ef01575c204279c66937ec.php 第 5 行.
NOTIC: [8] Use of undefined constant LOVEVI_VERSION - assumed 'LOVEVI_VERSION' /data/home/byu7397920001/htdocs/Runtime/Cache/Admin/8af401a539ef01575c204279c66937ec.php 第 199 行.
INFO: Run Behavior\ParseTemplateBehavior [ RunTime:0.010954s ]
INFO: [ view_parse ] --END-- [ RunTime:0.010988s ]
INFO: [ view_filter ] --START--
INFO: Run Behavior\WriteHtmlCacheBehavior [ RunTime:0.000140s ]
INFO: [ view_filter ] --END-- [ RunTime:0.000162s ]
INFO: [ app_end ] --START--
INFO: Run Behavior\ShowPageTraceBehavior [ RunTime:0.000372s ]
INFO: [ app_end ] --END-- [ RunTime:0.000398s ]

[ 2021-01-15T16:39:58+08:00 ] 101.224.225.13 /admin.php?s=/fly/record.html
INFO: [ app_init ] --START--
INFO: Run Behavior\BuildLiteBehavior [ RunTime:0.000014s ]
INFO: Run Common\Behavior\InitHookBehavior [ RunTime:0.001097s ]
INFO: [ app_init ] --END-- [ RunTime:0.001202s ]
INFO: [ app_begin ] --START--
INFO: Run Behavior\ReadHtmlCacheBehavior [ RunTime:0.000332s ]
INFO: [ app_begin ] --END-- [ RunTime:0.000377s ]
SQL: SHOW COLUMNS FROM `lovevi_menu` [ RunTime:0.0028s ]
SQL: SELECT `id`,`title`,`url` FROM `lovevi_menu` WHERE `pid` = 0 AND `hide` = 0 ORDER BY sort asc  [ RunTime:0.0023s ]
SQL: SELECT `pid` FROM `lovevi_menu` WHERE ( pid !=0 AND url like '%Fly/record%' ) LIMIT 1   [ RunTime:0.0029s ]
SQL: SELECT * FROM `lovevi_menu` WHERE `id` = 165 LIMIT 1   [ RunTime:0.0023s ]
SQL: SELECT DISTINCT  `group` FROM `lovevi_menu` WHERE `group` <> '' AND `pid` = 165  [ RunTime:0.0022s ]
SQL: SELECT `id`,`url` FROM `lovevi_menu` WHERE `pid` = 165 AND `hide` = 0  [ RunTime:0.0022s ]
SQL: SELECT `id`,`pid`,`title`,`url`,`tip` FROM `lovevi_menu` WHERE `group` = '运价管理' AND `pid` = 165 AND `hide` = 0 ORDER BY sort asc  [ RunTime:0.0022s ]
SQL: SELECT `id`,`pid`,`title`,`url`,`tip` FROM `lovevi_menu` WHERE `group` = '航线' AND `pid` = 165 AND `hide` = 0 ORDER BY sort asc  [ RunTime:0.0022s ]
SQL: SELECT `id`,`pid`,`title`,`url`,`tip` FROM `lovevi_menu` WHERE `group` = '空运工具' AND `pid` = 165 AND `hide` = 0 ORDER BY sort asc  [ RunTime:0.0023s ]
SQL: SELECT `id`,`pid`,`title`,`url`,`tip` FROM `lovevi_menu` WHERE `group` = '类别' AND `pid` = 165 AND `hide` = 0 ORDER BY sort asc  [ RunTime:0.0024s ]
SQL: SHOW COLUMNS FROM `lovevi_record` [ RunTime:0.0028s ]
SQL: SELECT lovevi_record.*,lovevi_users.name as uname,lovevi_users.tel as mobile,lovevi_wtshu.name as wname,lovevi_wtshu.url as wurl FROM `lovevi_record` LEFT JOIN lovevi_wtshu on lovevi_wtshu.id=lovevi_record.wid INNER JOIN lovevi_users on lovevi_users.id=lovevi_record.uid  WHERE lovevi_record.isdel = '0' ORDER BY lovevi_record.id desc LIMIT 0,20   [ RunTime:0.0027s ]
SQL: SELECT COUNT(*) AS tp_count FROM `lovevi_record` WHERE lovevi_record.isdel = '0' LIMIT 1   [ RunTime:0.0024s ]
INFO: [ view_parse ] --START--
INFO: [ template_filter ] --START--
INFO: Run Behavior\ContentReplaceBehavior [ RunTime:0.000091s ]
INFO: [ template_filter ] --END-- [ RunTime:0.000130s ]
NOTIC: [8] Undefined variable: meta_title /data/home/byu7397920001/htdocs/Runtime/Cache/Admin/a23be95b84742c09846db3df8e7d0d9d.php 第 5 行.
NOTIC: [8] Use of undefined constant LOVEVI_VERSION - assumed 'LOVEVI_VERSION' /data/home/byu7397920001/htdocs/Runtime/Cache/Admin/a23be95b84742c09846db3df8e7d0d9d.php 第 158 行.
INFO: Run Behavior\ParseTemplateBehavior [ RunTime:0.010954s ]
INFO: [ view_parse ] --END-- [ RunTime:0.010994s ]
INFO: [ view_filter ] --START--
INFO: Run Behavior\WriteHtmlCacheBehavior [ RunTime:0.000138s ]
INFO: [ view_filter ] --END-- [ RunTime:0.000162s ]
INFO: [ app_end ] --START--
INFO: Run Behavior\ShowPageTraceBehavior [ RunTime:0.000352s ]
INFO: [ app_end ] --END-- [ RunTime:0.000378s ]

[ 2021-01-15T16:40:04+08:00 ] 101.224.225.13 /admin.php?s=/fly/tjlist.html
INFO: [ app_init ] --START--
INFO: Run Behavior\BuildLiteBehavior [ RunTime:0.000018s ]
INFO: Run Common\Behavior\InitHookBehavior [ RunTime:0.001556s ]
INFO: [ app_init ] --END-- [ RunTime:0.001683s ]
INFO: [ app_begin ] --START--
INFO: Run Behavior\ReadHtmlCacheBehavior [ RunTime:0.000331s ]
INFO: [ app_begin ] --END-- [ RunTime:0.000375s ]
SQL: SHOW COLUMNS FROM `lovevi_menu` [ RunTime:0.0027s ]
SQL: SELECT `id`,`title`,`url` FROM `lovevi_menu` WHERE `pid` = 0 AND `hide` = 0 ORDER BY sort asc  [ RunTime:0.0022s ]
SQL: SELECT `pid` FROM `lovevi_menu` WHERE ( pid !=0 AND url like '%Fly/tjlist%' ) LIMIT 1   [ RunTime:0.0025s ]
SQL: SELECT * FROM `lovevi_menu` WHERE `id` = 165 LIMIT 1   [ RunTime:0.0022s ]
SQL: SELECT DISTINCT  `group` FROM `lovevi_menu` WHERE `group` <> '' AND `pid` = 165  [ RunTime:0.0025s ]
SQL: SELECT `id`,`url` FROM `lovevi_menu` WHERE `pid` = 165 AND `hide` = 0  [ RunTime:0.0022s ]
SQL: SELECT `id`,`pid`,`title`,`url`,`tip` FROM `lovevi_menu` WHERE `group` = '运价管理' AND `pid` = 165 AND `hide` = 0 ORDER BY sort asc  [ RunTime:0.0022s ]
SQL: SELECT `id`,`pid`,`title`,`url`,`tip` FROM `lovevi_menu` WHERE `group` = '航线' AND `pid` = 165 AND `hide` = 0 ORDER BY sort asc  [ RunTime:0.0022s ]
SQL: SELECT `id`,`pid`,`title`,`url`,`tip` FROM `lovevi_menu` WHERE `group` = '空运工具' AND `pid` = 165 AND `hide` = 0 ORDER BY sort asc  [ RunTime:0.0022s ]
SQL: SELECT `id`,`pid`,`title`,`url`,`tip` FROM `lovevi_menu` WHERE `group` = '类别' AND `pid` = 165 AND `hide` = 0 ORDER BY sort asc  [ RunTime:0.0022s ]
SQL: SHOW COLUMNS FROM `lovevi_goodstype` [ RunTime:0.0027s ]
SQL: SELECT `id`,`name` FROM `lovevi_goodstype` WHERE ( isdel=0 ) ORDER BY sort asc  [ RunTime:0.0025s ]
SQL: SHOW COLUMNS FROM `lovevi_company` [ RunTime:0.0024s ]
SQL: SELECT `id`,`cname` FROM `lovevi_company` WHERE ( isdel=0 ) ORDER BY sort asc  [ RunTime:0.0024s ]
SQL: SHOW COLUMNS FROM `lovevi_freight` [ RunTime:0.0026s ]
SQL: SELECT * FROM `lovevi_freight` WHERE `isdel` = 0 ORDER BY id desc LIMIT 0,20   [ RunTime:0.0026s ]
SQL: SELECT COUNT(*) AS tp_count FROM `lovevi_freight` WHERE `isdel` = 0 LIMIT 1   [ RunTime:0.0022s ]
INFO: [ view_parse ] --START--
INFO: [ template_filter ] --START--
INFO: Run Behavior\ContentReplaceBehavior [ RunTime:0.000107s ]
INFO: [ template_filter ] --END-- [ RunTime:0.000146s ]
NOTIC: [8] Undefined variable: meta_title /data/home/byu7397920001/htdocs/Runtime/Cache/Admin/aeef05a78addcb67f770cd3036589a8a.php 第 5 行.
NOTIC: [8] Undefined index:  /data/home/byu7397920001/htdocs/Runtime/Cache/Admin/aeef05a78addcb67f770cd3036589a8a.php 第 176 行.
NOTIC: [8] Use of undefined constant LOVEVI_VERSION - assumed 'LOVEVI_VERSION' /data/home/byu7397920001/htdocs/Runtime/Cache/Admin/aeef05a78addcb67f770cd3036589a8a.php 第 201 行.
INFO: Run Behavior\ParseTemplateBehavior [ RunTime:0.012014s ]
INFO: [ view_parse ] --END-- [ RunTime:0.012055s ]
INFO: [ view_filter ] --START--
INFO: Run Behavior\WriteHtmlCacheBehavior [ RunTime:0.000163s ]
INFO: [ view_filter ] --END-- [ RunTime:0.000184s ]
INFO: [ app_end ] --START--
INFO: Run Behavior\ShowPageTraceBehavior [ RunTime:0.000391s ]
INFO: [ app_end ] --END-- [ RunTime:0.000416s ]

[ 2021-01-15T16:40:44+08:00 ] 101.224.225.13 /admin.php?s=/fly/threelist.html
INFO: [ app_init ] --START--
INFO: Run Behavior\BuildLiteBehavior [ RunTime:0.000013s ]
INFO: Run Common\Behavior\InitHookBehavior [ RunTime:0.001032s ]
INFO: [ app_init ] --END-- [ RunTime:0.001131s ]
INFO: [ app_begin ] --START--
INFO: Run Behavior\ReadHtmlCacheBehavior [ RunTime:0.000332s ]
INFO: [ app_begin ] --END-- [ RunTime:0.000369s ]
SQL: SHOW COLUMNS FROM `lovevi_menu` [ RunTime:0.0035s ]
SQL: SELECT `id`,`title`,`url` FROM `lovevi_menu` WHERE `pid` = 0 AND `hide` = 0 ORDER BY sort asc  [ RunTime:0.0029s ]
SQL: SELECT `pid` FROM `lovevi_menu` WHERE ( pid !=0 AND url like '%Fly/threelist%' ) LIMIT 1   [ RunTime:0.0029s ]
SQL: SELECT * FROM `lovevi_menu` WHERE `id` = 165 LIMIT 1   [ RunTime:0.0029s ]
SQL: SELECT DISTINCT  `group` FROM `lovevi_menu` WHERE `group` <> '' AND `pid` = 165  [ RunTime:0.0029s ]
SQL: SELECT `id`,`url` FROM `lovevi_menu` WHERE `pid` = 165 AND `hide` = 0  [ RunTime:0.0029s ]
SQL: SELECT `id`,`pid`,`title`,`url`,`tip` FROM `lovevi_menu` WHERE `group` = '运价管理' AND `pid` = 165 AND `hide` = 0 ORDER BY sort asc  [ RunTime:0.0029s ]
SQL: SELECT `id`,`pid`,`title`,`url`,`tip` FROM `lovevi_menu` WHERE `group` = '航线' AND `pid` = 165 AND `hide` = 0 ORDER BY sort asc  [ RunTime:0.0029s ]
SQL: SELECT `id`,`pid`,`title`,`url`,`tip` FROM `lovevi_menu` WHERE `group` = '空运工具' AND `pid` = 165 AND `hide` = 0 ORDER BY sort asc  [ RunTime:0.0029s ]
SQL: SELECT `id`,`pid`,`title`,`url`,`tip` FROM `lovevi_menu` WHERE `group` = '类别' AND `pid` = 165 AND `hide` = 0 ORDER BY sort asc  [ RunTime:0.0029s ]
SQL: SHOW COLUMNS FROM `lovevi_threecode` [ RunTime:0.0036s ]
SQL: SELECT * FROM `lovevi_threecode` WHERE `isdel` = 0 ORDER BY id desc LIMIT 0,20   [ RunTime:0.0029s ]
SQL: SELECT COUNT(*) AS tp_count FROM `lovevi_threecode` WHERE `isdel` = 0 LIMIT 1   [ RunTime:0.0029s ]
INFO: [ view_parse ] --START--
INFO: [ template_filter ] --START--
INFO: Run Behavior\ContentReplaceBehavior [ RunTime:0.000109s ]
INFO: [ template_filter ] --END-- [ RunTime:0.000146s ]
NOTIC: [8] Undefined variable: meta_title /data/home/byu7397920001/htdocs/Runtime/Cache/Admin/8af401a539ef01575c204279c66937ec.php 第 5 行.
NOTIC: [8] Use of undefined constant LOVEVI_VERSION - assumed 'LOVEVI_VERSION' /data/home/byu7397920001/htdocs/Runtime/Cache/Admin/8af401a539ef01575c204279c66937ec.php 第 199 行.
INFO: Run Behavior\ParseTemplateBehavior [ RunTime:0.011142s ]
INFO: [ view_parse ] --END-- [ RunTime:0.011176s ]
INFO: [ view_filter ] --START--
INFO: Run Behavior\WriteHtmlCacheBehavior [ RunTime:0.000143s ]
INFO: [ view_filter ] --END-- [ RunTime:0.000163s ]
INFO: [ app_end ] --START--
INFO: Run Behavior\ShowPageTraceBehavior [ RunTime:0.000413s ]
INFO: [ app_end ] --END-- [ RunTime:0.000441s ]

[ 2021-01-15T16:40:56+08:00 ] 101.224.225.13 /admin.php?s=/fly/tedite.html
INFO: [ app_init ] --START--
INFO: Run Behavior\BuildLiteBehavior [ RunTime:0.000013s ]
INFO: Run Common\Behavior\InitHookBehavior [ RunTime:0.001094s ]
INFO: [ app_init ] --END-- [ RunTime:0.001195s ]
INFO: [ app_begin ] --START--
INFO: Run Behavior\ReadHtmlCacheBehavior [ RunTime:0.000325s ]
INFO: [ app_begin ] --END-- [ RunTime:0.000367s ]
SQL: SHOW COLUMNS FROM `lovevi_menu` [ RunTime:0.0034s ]
SQL: SELECT `id`,`title`,`url` FROM `lovevi_menu` WHERE `pid` = 0 AND `hide` = 0 ORDER BY sort asc  [ RunTime:0.0027s ]
SQL: SELECT `pid` FROM `lovevi_menu` WHERE ( pid !=0 AND url like '%Fly/tedite%' ) LIMIT 1   [ RunTime:0.0032s ]
SQL: SELECT * FROM `lovevi_menu` WHERE `id` = 174 LIMIT 1   [ RunTime:0.0029s ]
SQL: SELECT * FROM `lovevi_menu` WHERE `id` = 165 LIMIT 1   [ RunTime:0.0028s ]
SQL: SELECT DISTINCT  `group` FROM `lovevi_menu` WHERE `group` <> '' AND `pid` = 165  [ RunTime:0.0027s ]
SQL: SELECT `id`,`url` FROM `lovevi_menu` WHERE `pid` = 165 AND `hide` = 0  [ RunTime:0.0028s ]
SQL: SELECT `id`,`pid`,`title`,`url`,`tip` FROM `lovevi_menu` WHERE `group` = '运价管理' AND `pid` = 165 AND `hide` = 0 ORDER BY sort asc  [ RunTime:0.0027s ]
SQL: SELECT `id`,`pid`,`title`,`url`,`tip` FROM `lovevi_menu` WHERE `group` = '航线' AND `pid` = 165 AND `hide` = 0 ORDER BY sort asc  [ RunTime:0.0028s ]
SQL: SELECT `id`,`pid`,`title`,`url`,`tip` FROM `lovevi_menu` WHERE `group` = '空运工具' AND `pid` = 165 AND `hide` = 0 ORDER BY sort asc  [ RunTime:0.0028s ]
SQL: SELECT `id`,`pid`,`title`,`url`,`tip` FROM `lovevi_menu` WHERE `group` = '类别' AND `pid` = 165 AND `hide` = 0 ORDER BY sort asc  [ RunTime:0.0028s ]
SQL: SHOW COLUMNS FROM `lovevi_threecode` [ RunTime:0.0035s ]
SQL: SELECT * FROM `lovevi_threecode` WHERE ( id=0 ) LIMIT 1   [ RunTime:0.0029s ]
INFO: [ view_parse ] --START--
INFO: [ template_filter ] --START--
INFO: Run Behavior\ContentReplaceBehavior [ RunTime:0.000087s ]
INFO: [ template_filter ] --END-- [ RunTime:0.000127s ]
NOTIC: [8] Undefined variable: meta_title /data/home/byu7397920001/htdocs/Runtime/Cache/Admin/2e34b7c23c0ef32f4334c5dea0cdd987.php 第 5 行.
NOTIC: [8] Use of undefined constant LOVEVI_VERSION - assumed 'LOVEVI_VERSION' /data/home/byu7397920001/htdocs/Runtime/Cache/Admin/2e34b7c23c0ef32f4334c5dea0cdd987.php 第 205 行.
INFO: Run Behavior\ParseTemplateBehavior [ RunTime:0.010159s ]
INFO: [ view_parse ] --END-- [ RunTime:0.010192s ]
INFO: [ view_filter ] --START--
INFO: Run Behavior\WriteHtmlCacheBehavior [ RunTime:0.000128s ]
INFO: [ view_filter ] --END-- [ RunTime:0.000149s ]
INFO: [ app_end ] --START--
INFO: Run Behavior\ShowPageTraceBehavior [ RunTime:0.000356s ]
INFO: [ app_end ] --END-- [ RunTime:0.000383s ]

